IQ-TREE multicore version 2.0.6 for Linux 64-bit built May 30 2020
Developed by Bui Quang Minh, Nguyen Lam Tung, Olga Chernomor,
Heiko Schmidt, Dominik Schrempf, Michael Woodhams.

Host:    615a8d4baec8 (AVX2, FMA3, 1 GB RAM)
Command: /app/iqtree-2.0.6-Linux/bin/iqtree2 -s workdir/tmp/alignments/B.1.221.fasta -m HKY+F+G4 -pre workdir/tmp/iqtree/B.1.221 -ninit 2 -n 2 -me 0.05
Seed:    252990 (Using SPRNG - Scalable Parallel Random Number Generator)
Time:    Wed Mar  3 21:29:18 2021
Kernel:  AVX+FMA - 1 threads (2 CPU cores detected)

HINT: Use -nt option to specify number of threads because your CPU has 2 cores!
HINT: -nt AUTO will automatically determine the best number of threads to use.

Reading alignment file workdir/tmp/alignments/B.1.221.fasta ... Fasta format detected
Alignment most likely contains DNA/RNA sequences
Alignment has 19 sequences with 29903 columns, 128 distinct patterns
23 parsimony-informative, 33 singleton sites, 29847 constant sites
                           Gap/Ambiguity  Composition  p-value
   1  EPI_ISL_402125|2019-12-26    0.00%    passed     99.30%
   2  EPI_ISL_406798|2019-12-26    0.12%    passed     99.64%
   3  EPI_ISL_535591|2020-08-18    2.90%    passed     98.89%
   4  EPI_ISL_535606|2020-08-19    0.24%    passed     99.97%
   5  EPI_ISL_577943|2020-08-26    0.43%    passed     99.98%
   6  EPI_ISL_578014|2020-09-18    0.43%    passed     99.94%
   7  EPI_ISL_581603|2020-08-14    0.42%    passed     99.98%
   8  EPI_ISL_603275|2020-10-01    0.23%    passed     99.99%
   9  EPI_ISL_603292|2020-10-01    0.24%    passed     99.99%
  10  EPI_ISL_621721|2020-09-21    0.40%    passed     99.95%
  11  EPI_ISL_626252|2020-09-05    1.13%    passed     99.83%
  12  EPI_ISL_631382|2020-09-28    0.41%    passed     99.98%
  13  EPI_ISL_632400|2020-09-23    7.61%    passed     96.60%
  14  EPI_ISL_632670|2020-09-28    0.43%    passed     99.98%
  15  EPI_ISL_644459|2020-08-27    0.67%    passed     99.96%
  16  EPI_ISL_790960|2020-09-24    0.40%    passed     99.97%
  17  EPI_ISL_815283|2020-08-10    0.02%    passed     99.79%
  18  EPI_ISL_830784|2020-09-05    8.60%    passed     91.11%
  19  EPI_ISL_904159|2020-09-21    2.90%    passed     99.98%
****  TOTAL                        1.45%  0 sequences failed composition chi2 test (p-value<5%; df=3)

Create initial parsimony tree by phylogenetic likelihood library (PLL)... 0.003 seconds

NOTE: 0 MB RAM (0 GB) is required!
Estimate model parameters (epsilon = 0.500)
1. Initial log-likelihood: -41181.569
2. Current log-likelihood: -41172.789
3. Current log-likelihood: -41171.778
4. Current log-likelihood: -41168.244
Optimal log-likelihood: -41167.960
Rate parameters:  A-C: 1.00000  A-G: 4.40196  A-T: 1.00000  C-G: 1.00000  C-T: 4.40196  G-T: 1.00000
Base frequencies:  A: 0.299  C: 0.183  G: 0.196  T: 0.321
Gamma shape alpha: 0.020
Parameters optimization took 4 rounds (0.040 sec)
Computing ML distances based on estimated model parameters... 0.002 sec
Computing BIONJ tree...
0.022 seconds
Log-likelihood of BIONJ tree: -41168.197
--------------------------------------------------------------------
|             INITIALIZING CANDIDATE TREE SET                      |
--------------------------------------------------------------------

Do NNI search on 2 best initial trees
BETTER TREE FOUND at iteration 1: -41167.930
Finish initializing candidate tree set (4)
Current best tree score: -41167.930 / CPU time: 0.018
Number of iterations: 2
TREE SEARCH COMPLETED AFTER 2 ITERATIONS / Time: 0h:0m:0s

--------------------------------------------------------------------
|                    FINALIZING TREE SEARCH                        |
--------------------------------------------------------------------
Performs final model parameters optimization
Estimate model parameters (epsilon = 0.050)
1. Initial log-likelihood: -41167.930
2. Current log-likelihood: -41167.856
Optimal log-likelihood: -41167.849
Rate parameters:  A-C: 1.00000  A-G: 3.96200  A-T: 1.00000  C-G: 1.00000  C-T: 3.96200  G-T: 1.00000
Base frequencies:  A: 0.299  C: 0.183  G: 0.196  T: 0.321
Gamma shape alpha: 0.020
Parameters optimization took 2 rounds (0.013 sec)
BEST SCORE FOUND : -41167.849
Total tree length: 0.002

Total number of iterations: 2
CPU time used for tree search: 0.009 sec (0h:0m:0s)
Wall-clock time used for tree search: 0.027 sec (0h:0m:0s)
Total CPU time used: 0.051 sec (0h:0m:0s)
Total wall-clock time used: 0.190 sec (0h:0m:0s)

Analysis results written to: 
  IQ-TREE report:                workdir/tmp/iqtree/B.1.221.iqtree
  Maximum-likelihood tree:       workdir/tmp/iqtree/B.1.221.treefile
  Likelihood distances:          workdir/tmp/iqtree/B.1.221.mldist
  Screen log file:               workdir/tmp/iqtree/B.1.221.log

Date and Time: Wed Mar  3 21:29:18 2021
