IQ-TREE multicore version 2.0.6 for Linux 64-bit built May 30 2020
Developed by Bui Quang Minh, Nguyen Lam Tung, Olga Chernomor,
Heiko Schmidt, Dominik Schrempf, Michael Woodhams.

Host:    615a8d4baec8 (AVX2, FMA3, 1 GB RAM)
Command: /app/iqtree-2.0.6-Linux/bin/iqtree2 -s workdir/tmp/alignments/B.1.1.162.fasta -m HKY+F+G4 -pre workdir/tmp/iqtree/B.1.1.162 -ninit 2 -n 2 -me 0.05
Seed:    348769 (Using SPRNG - Scalable Parallel Random Number Generator)
Time:    Wed Mar  3 21:29:06 2021
Kernel:  AVX+FMA - 1 threads (2 CPU cores detected)

HINT: Use -nt option to specify number of threads because your CPU has 2 cores!
HINT: -nt AUTO will automatically determine the best number of threads to use.

Reading alignment file workdir/tmp/alignments/B.1.1.162.fasta ... Fasta format detected
Alignment most likely contains DNA/RNA sequences
Alignment has 8 sequences with 29903 columns, 58 distinct patterns
13 parsimony-informative, 23 singleton sites, 29867 constant sites
                           Gap/Ambiguity  Composition  p-value
   1  EPI_ISL_402125|2019-12-26    0.00%    passed     99.78%
   2  EPI_ISL_406798|2019-12-26    0.12%    passed     99.94%
   3  EPI_ISL_535612|2020-08-19    0.24%    passed     99.95%
   4  EPI_ISL_639655|2020-09-21    0.00%    passed     99.74%
   5  EPI_ISL_708186|2020-08-26    0.82%    passed     99.98%
   6  EPI_ISL_708189|2020-08-26    0.76%    passed     99.98%
   7  EPI_ISL_708194|2020-08-25    0.30%    passed     99.92%
   8  EPI_ISL_959965|2020-09-24    0.53%    passed     99.88%
****  TOTAL                        0.35%  0 sequences failed composition chi2 test (p-value<5%; df=3)

Create initial parsimony tree by phylogenetic likelihood library (PLL)... 0.002 seconds

NOTE: 0 MB RAM (0 GB) is required!
Estimate model parameters (epsilon = 0.500)
1. Initial log-likelihood: -40942.009
2. Current log-likelihood: -40924.357
Optimal log-likelihood: -40924.325
Rate parameters:  A-C: 1.00000  A-G: 18.29530  A-T: 1.00000  C-G: 1.00000  C-T: 18.29530  G-T: 1.00000
Base frequencies:  A: 0.299  C: 0.184  G: 0.196  T: 0.321
Gamma shape alpha: 998.448
Parameters optimization took 2 rounds (0.009 sec)
Computing ML distances based on estimated model parameters... 0.000 sec
Computing BIONJ tree...
0.014 seconds
Log-likelihood of BIONJ tree: -40924.372
--------------------------------------------------------------------
|             INITIALIZING CANDIDATE TREE SET                      |
--------------------------------------------------------------------

Do NNI search on 2 best initial trees
UPDATE BEST LOG-LIKELIHOOD: -40924.322
Finish initializing candidate tree set (3)
Current best tree score: -40924.322 / CPU time: 0.011
Number of iterations: 2
TREE SEARCH COMPLETED AFTER 2 ITERATIONS / Time: 0h:0m:0s

--------------------------------------------------------------------
|                    FINALIZING TREE SEARCH                        |
--------------------------------------------------------------------
Performs final model parameters optimization
Estimate model parameters (epsilon = 0.050)
1. Initial log-likelihood: -40924.322
Optimal log-likelihood: -40924.291
Rate parameters:  A-C: 1.00000  A-G: 18.11750  A-T: 1.00000  C-G: 1.00000  C-T: 18.11750  G-T: 1.00000
Base frequencies:  A: 0.299  C: 0.184  G: 0.196  T: 0.321
Gamma shape alpha: 998.448
Parameters optimization took 1 rounds (0.008 sec)
BEST SCORE FOUND : -40924.291
Total tree length: 0.001

Total number of iterations: 2
CPU time used for tree search: 0.002 sec (0h:0m:0s)
Wall-clock time used for tree search: 0.024 sec (0h:0m:0s)
Total CPU time used: 0.013 sec (0h:0m:0s)
Total wall-clock time used: 0.131 sec (0h:0m:0s)

Analysis results written to: 
  IQ-TREE report:                workdir/tmp/iqtree/B.1.1.162.iqtree
  Maximum-likelihood tree:       workdir/tmp/iqtree/B.1.1.162.treefile
  Likelihood distances:          workdir/tmp/iqtree/B.1.1.162.mldist
  Screen log file:               workdir/tmp/iqtree/B.1.1.162.log

Date and Time: Wed Mar  3 21:29:06 2021
