IQ-TREE multicore version 2.0.6 for Linux 64-bit built May 30 2020
Developed by Bui Quang Minh, Nguyen Lam Tung, Olga Chernomor,
Heiko Schmidt, Dominik Schrempf, Michael Woodhams.

Host:    615a8d4baec8 (AVX2, FMA3, 1 GB RAM)
Command: /app/iqtree-2.0.6-Linux/bin/iqtree2 -s workdir/tmp/alignments/B.1.416.1.fasta -m HKY+F+G4 -pre workdir/tmp/iqtree/B.1.416.1 -ninit 2 -n 2 -me 0.05
Seed:    81617 (Using SPRNG - Scalable Parallel Random Number Generator)
Time:    Wed Mar  3 21:29:21 2021
Kernel:  AVX+FMA - 1 threads (2 CPU cores detected)

HINT: Use -nt option to specify number of threads because your CPU has 2 cores!
HINT: -nt AUTO will automatically determine the best number of threads to use.

Reading alignment file workdir/tmp/alignments/B.1.416.1.fasta ... Fasta format detected
Alignment most likely contains DNA/RNA sequences
Alignment has 12 sequences with 29903 columns, 65 distinct patterns
17 parsimony-informative, 18 singleton sites, 29868 constant sites
                           Gap/Ambiguity  Composition  p-value
   1  EPI_ISL_402125|2019-12-26    0.00%    passed     99.38%
   2  EPI_ISL_406798|2019-12-26    0.12%    passed     99.73%
   3  EPI_ISL_535605|2020-08-19    1.92%    passed     99.23%
   4  EPI_ISL_560428|2020-09-10    0.23%    passed     99.98%
   5  EPI_ISL_560493|2020-09-07    0.22%    passed     99.98%
   6  EPI_ISL_581257|2020-09-21    0.41%    passed     99.98%
   7  EPI_ISL_584859|2020-09-24    0.40%    passed     99.95%
   8  EPI_ISL_589925|2020-09-16    0.40%    passed     99.96%
   9  EPI_ISL_603311|2020-10-01    0.23%    passed     99.98%
  10  EPI_ISL_603332|2020-09-25    0.23%    passed     99.99%
  11  EPI_ISL_603360|2020-09-29    0.23%    passed     99.99%
  12  EPI_ISL_626583|2020-09-15    0.56%    passed     99.98%
****  TOTAL                        0.41%  0 sequences failed composition chi2 test (p-value<5%; df=3)

Create initial parsimony tree by phylogenetic likelihood library (PLL)... 0.001 seconds

NOTE: 0 MB RAM (0 GB) is required!
Estimate model parameters (epsilon = 0.500)
1. Initial log-likelihood: -40953.447
2. Current log-likelihood: -40940.293
Optimal log-likelihood: -40940.234
Rate parameters:  A-C: 1.00000  A-G: 16.55308  A-T: 1.00000  C-G: 1.00000  C-T: 16.55308  G-T: 1.00000
Base frequencies:  A: 0.299  C: 0.184  G: 0.196  T: 0.321
Gamma shape alpha: 998.448
Parameters optimization took 2 rounds (0.009 sec)
Computing ML distances based on estimated model parameters... 0.001 sec
Computing BIONJ tree...
0.013 seconds
Log-likelihood of BIONJ tree: -40940.368
--------------------------------------------------------------------
|             INITIALIZING CANDIDATE TREE SET                      |
--------------------------------------------------------------------

Do NNI search on 2 best initial trees
BETTER TREE FOUND at iteration 1: -40940.234
Finish initializing candidate tree set (3)
Current best tree score: -40940.234 / CPU time: 0.012
Number of iterations: 2
TREE SEARCH COMPLETED AFTER 2 ITERATIONS / Time: 0h:0m:0s

--------------------------------------------------------------------
|                    FINALIZING TREE SEARCH                        |
--------------------------------------------------------------------
Performs final model parameters optimization
Estimate model parameters (epsilon = 0.050)
1. Initial log-likelihood: -40940.234
2. Current log-likelihood: -40940.175
3. Current log-likelihood: -40940.116
4. Current log-likelihood: -40940.056
5. Current log-likelihood: -40939.997
6. Current log-likelihood: -40939.937
7. Current log-likelihood: -40939.878
8. Current log-likelihood: -40939.819
9. Current log-likelihood: -40939.759
10. Current log-likelihood: -40939.700
11. Current log-likelihood: -40939.641
12. Current log-likelihood: -40939.582
13. Current log-likelihood: -40939.524
14. Current log-likelihood: -40939.466
15. Current log-likelihood: -40939.409
16. Current log-likelihood: -40939.353
17. Current log-likelihood: -40939.297
18. Current log-likelihood: -40939.242
19. Current log-likelihood: -40939.188
20. Current log-likelihood: -40939.136
21. Current log-likelihood: -40939.084
22. Current log-likelihood: -40939.034
Optimal log-likelihood: -40938.985
Rate parameters:  A-C: 1.00000  A-G: 11.30854  A-T: 1.00000  C-G: 1.00000  C-T: 11.30854  G-T: 1.00000
Base frequencies:  A: 0.299  C: 0.184  G: 0.196  T: 0.321
Gamma shape alpha: 998.448
Parameters optimization took 22 rounds (0.057 sec)
BEST SCORE FOUND : -40938.985
Total tree length: 0.001

Total number of iterations: 2
CPU time used for tree search: 0.002 sec (0h:0m:0s)
Wall-clock time used for tree search: 0.021 sec (0h:0m:0s)
Total CPU time used: 0.034 sec (0h:0m:0s)
Total wall-clock time used: 0.155 sec (0h:0m:0s)

Analysis results written to: 
  IQ-TREE report:                workdir/tmp/iqtree/B.1.416.1.iqtree
  Maximum-likelihood tree:       workdir/tmp/iqtree/B.1.416.1.treefile
  Likelihood distances:          workdir/tmp/iqtree/B.1.416.1.mldist
  Screen log file:               workdir/tmp/iqtree/B.1.416.1.log

Date and Time: Wed Mar  3 21:29:21 2021
