IQ-TREE multicore version 2.0.6 for Linux 64-bit built May 30 2020
Developed by Bui Quang Minh, Nguyen Lam Tung, Olga Chernomor,
Heiko Schmidt, Dominik Schrempf, Michael Woodhams.

Host:    615a8d4baec8 (AVX2, FMA3, 1 GB RAM)
Command: /app/iqtree-2.0.6-Linux/bin/iqtree2 -s workdir/tmp/alignments/B.1.1.1.fasta -m HKY+F+G4 -pre workdir/tmp/iqtree/B.1.1.1 -ninit 2 -n 2 -me 0.05
Seed:    660206 (Using SPRNG - Scalable Parallel Random Number Generator)
Time:    Wed Mar  3 21:29:06 2021
Kernel:  AVX+FMA - 1 threads (2 CPU cores detected)

HINT: Use -nt option to specify number of threads because your CPU has 2 cores!
HINT: -nt AUTO will automatically determine the best number of threads to use.

Reading alignment file workdir/tmp/alignments/B.1.1.1.fasta ... Fasta format detected
Alignment most likely contains DNA/RNA sequences
Alignment has 12 sequences with 29903 columns, 116 distinct patterns
19 parsimony-informative, 58 singleton sites, 29826 constant sites
                            Gap/Ambiguity  Composition  p-value
   1  EPI_ISL_1015284|2020-08-17    0.12%    passed     99.98%
   2  EPI_ISL_402125|2019-12-26     0.00%    passed     99.64%
   3  EPI_ISL_406798|2019-12-26     0.12%    passed     99.84%
   4  EPI_ISL_541524|2020-08-28     0.24%    passed     99.99%
   5  EPI_ISL_583892|2020-08-03     0.40%    passed     99.97%
   6  EPI_ISL_603344|2020-09-25     0.25%    passed     99.97%
   7  EPI_ISL_603388|2020-09-29     0.24%    passed     99.99%
   8  EPI_ISL_609989|2020-08-17     0.21%    passed     99.97%
   9  EPI_ISL_687832|2020-08        0.46%    passed     99.94%
  10  EPI_ISL_746656|2020-08-18     0.48%    passed     99.97%
  11  EPI_ISL_837255|2020-09-15     0.07%    passed     99.64%
  12  EPI_ISL_856694|2020-09-16     1.63%    passed     99.98%
****  TOTAL                         0.35%  0 sequences failed composition chi2 test (p-value<5%; df=3)

Create initial parsimony tree by phylogenetic likelihood library (PLL)... 0.002 seconds

NOTE: 0 MB RAM (0 GB) is required!
Estimate model parameters (epsilon = 0.500)
1. Initial log-likelihood: -41386.522
2. Current log-likelihood: -41376.298
Optimal log-likelihood: -41376.013
Rate parameters:  A-C: 1.00000  A-G: 31.65799  A-T: 1.00000  C-G: 1.00000  C-T: 31.65799  G-T: 1.00000
Base frequencies:  A: 0.299  C: 0.184  G: 0.196  T: 0.321
Gamma shape alpha: 0.020
Parameters optimization took 2 rounds (0.017 sec)
Computing ML distances based on estimated model parameters... 0.001 sec
Computing BIONJ tree...
0.014 seconds
Log-likelihood of BIONJ tree: -41386.455
--------------------------------------------------------------------
|             INITIALIZING CANDIDATE TREE SET                      |
--------------------------------------------------------------------

Do NNI search on 2 best initial trees
Estimate model parameters (epsilon = 0.500)
BETTER TREE FOUND at iteration 1: -41373.243
Finish initializing candidate tree set (3)
Current best tree score: -41373.243 / CPU time: 0.023
Number of iterations: 2
TREE SEARCH COMPLETED AFTER 2 ITERATIONS / Time: 0h:0m:0s

--------------------------------------------------------------------
|                    FINALIZING TREE SEARCH                        |
--------------------------------------------------------------------
Performs final model parameters optimization
Estimate model parameters (epsilon = 0.050)
1. Initial log-likelihood: -41373.243
2. Current log-likelihood: -41372.979
3. Current log-likelihood: -41372.709
4. Current log-likelihood: -41372.433
5. Current log-likelihood: -41372.150
6. Current log-likelihood: -41371.859
7. Current log-likelihood: -41371.562
8. Current log-likelihood: -41371.256
9. Current log-likelihood: -41370.942
10. Current log-likelihood: -41370.620
11. Current log-likelihood: -41370.288
12. Current log-likelihood: -41369.948
13. Current log-likelihood: -41369.597
14. Current log-likelihood: -41369.236
15. Current log-likelihood: -41368.864
16. Current log-likelihood: -41368.481
17. Current log-likelihood: -41368.085
18. Current log-likelihood: -41367.677
19. Current log-likelihood: -41367.256
20. Current log-likelihood: -41366.821
21. Current log-likelihood: -41366.372
22. Current log-likelihood: -41365.908
23. Current log-likelihood: -41365.429
24. Current log-likelihood: -41364.934
25. Current log-likelihood: -41364.423
26. Current log-likelihood: -41363.897
27. Current log-likelihood: -41363.356
28. Current log-likelihood: -41362.801
29. Current log-likelihood: -41362.234
30. Current log-likelihood: -41361.658
31. Current log-likelihood: -41357.997
32. Current log-likelihood: -41357.744
33. Current log-likelihood: -41357.577
34. Current log-likelihood: -41357.479
Optimal log-likelihood: -41357.431
Rate parameters:  A-C: 1.00000  A-G: 6.27657  A-T: 1.00000  C-G: 1.00000  C-T: 6.27657  G-T: 1.00000
Base frequencies:  A: 0.299  C: 0.184  G: 0.196  T: 0.321
Gamma shape alpha: 0.020
Parameters optimization took 34 rounds (0.163 sec)
BEST SCORE FOUND : -41357.431
Total tree length: 0.003

Total number of iterations: 2
CPU time used for tree search: 0.012 sec (0h:0m:0s)
Wall-clock time used for tree search: 0.033 sec (0h:0m:0s)
Total CPU time used: 0.124 sec (0h:0m:0s)
Total wall-clock time used: 0.291 sec (0h:0m:0s)

Analysis results written to: 
  IQ-TREE report:                workdir/tmp/iqtree/B.1.1.1.iqtree
  Maximum-likelihood tree:       workdir/tmp/iqtree/B.1.1.1.treefile
  Likelihood distances:          workdir/tmp/iqtree/B.1.1.1.mldist
  Screen log file:               workdir/tmp/iqtree/B.1.1.1.log

Date and Time: Wed Mar  3 21:29:07 2021
