IQ-TREE multicore version 2.0.6 for Linux 64-bit built May 30 2020
Developed by Bui Quang Minh, Nguyen Lam Tung, Olga Chernomor,
Heiko Schmidt, Dominik Schrempf, Michael Woodhams.

Host:    615a8d4baec8 (AVX2, FMA3, 1 GB RAM)
Command: /app/iqtree-2.0.6-Linux/bin/iqtree2 -s workdir/tmp/alignments/B.1.1.39.fasta -m HKY+F+G4 -pre workdir/tmp/iqtree/B.1.1.39 -ninit 2 -n 2 -me 0.05
Seed:    186508 (Using SPRNG - Scalable Parallel Random Number Generator)
Time:    Wed Mar  3 21:29:09 2021
Kernel:  AVX+FMA - 1 threads (2 CPU cores detected)

HINT: Use -nt option to specify number of threads because your CPU has 2 cores!
HINT: -nt AUTO will automatically determine the best number of threads to use.

Reading alignment file workdir/tmp/alignments/B.1.1.39.fasta ... Fasta format detected
Alignment most likely contains DNA/RNA sequences
Alignment has 22 sequences with 29903 columns, 130 distinct patterns
21 parsimony-informative, 48 singleton sites, 29834 constant sites
                           Gap/Ambiguity  Composition  p-value
   1  EPI_ISL_402125|2019-12-26    0.00%    passed     99.70%
   2  EPI_ISL_406798|2019-12-26    0.12%    passed     99.87%
   3  EPI_ISL_516572|2020-08-04    0.23%    passed     99.98%
   4  EPI_ISL_516594|2020-08-05    0.77%    passed     99.60%
   5  EPI_ISL_516595|2020-08-05    0.23%    passed     99.98%
   6  EPI_ISL_523891|2020-08-12    0.22%    passed     99.98%
   7  EPI_ISL_531788|2020-08-10    4.89%    passed     97.14%
   8  EPI_ISL_535628|2020-08-14    1.61%    passed     99.97%
   9  EPI_ISL_539429|2020-08-26    0.22%    passed     99.99%
  10  EPI_ISL_590593|2020-09-08    3.10%    passed     99.84%
  11  EPI_ISL_595779|2020-09-27    0.03%    passed     99.81%
  12  EPI_ISL_601645|2020-09-16    0.40%    passed     99.99%
  13  EPI_ISL_603281|2020-09-30    0.23%    passed     99.98%
  14  EPI_ISL_603293|2020-10-01    0.23%    passed     99.99%
  15  EPI_ISL_603331|2020-09-25    0.23%    passed     99.99%
  16  EPI_ISL_603352|2020-09-25    0.21%    passed     99.99%
  17  EPI_ISL_603409|2020-09-30    0.22%    passed     99.99%
  18  EPI_ISL_710563|2020-09-09    0.00%    passed     99.70%
  19  EPI_ISL_729587|2020-08-05    0.19%    passed     99.98%
  20  EPI_ISL_753858|2020-08-05    0.15%    passed     99.99%
  21  EPI_ISL_830737|2020-09-17    0.97%    passed     99.80%
  22  EPI_ISL_830811|2020-09-17    1.04%    passed     99.49%
****  TOTAL                        0.70%  0 sequences failed composition chi2 test (p-value<5%; df=3)

Create initial parsimony tree by phylogenetic likelihood library (PLL)... 0.002 seconds

NOTE: 0 MB RAM (0 GB) is required!
Estimate model parameters (epsilon = 0.500)
1. Initial log-likelihood: -41316.457
2. Current log-likelihood: -41310.710
3. Current log-likelihood: -41308.898
4. Current log-likelihood: -41306.957
5. Current log-likelihood: -41302.258
Optimal log-likelihood: -41301.771
Rate parameters:  A-C: 1.00000  A-G: 3.76564  A-T: 1.00000  C-G: 1.00000  C-T: 3.76564  G-T: 1.00000
Base frequencies:  A: 0.299  C: 0.184  G: 0.196  T: 0.321
Gamma shape alpha: 0.020
Parameters optimization took 5 rounds (0.044 sec)
Computing ML distances based on estimated model parameters... 0.005 sec
Computing BIONJ tree...
0.026 seconds
Log-likelihood of BIONJ tree: -41301.946
--------------------------------------------------------------------
|             INITIALIZING CANDIDATE TREE SET                      |
--------------------------------------------------------------------

Do NNI search on 2 best initial trees
BETTER TREE FOUND at iteration 1: -41301.742
Finish initializing candidate tree set (4)
Current best tree score: -41301.742 / CPU time: 0.031
Number of iterations: 2
TREE SEARCH COMPLETED AFTER 2 ITERATIONS / Time: 0h:0m:0s

--------------------------------------------------------------------
|                    FINALIZING TREE SEARCH                        |
--------------------------------------------------------------------
Performs final model parameters optimization
Estimate model parameters (epsilon = 0.050)
1. Initial log-likelihood: -41301.742
Optimal log-likelihood: -41301.725
Rate parameters:  A-C: 1.00000  A-G: 3.56485  A-T: 1.00000  C-G: 1.00000  C-T: 3.56485  G-T: 1.00000
Base frequencies:  A: 0.299  C: 0.184  G: 0.196  T: 0.321
Gamma shape alpha: 0.020
Parameters optimization took 1 rounds (0.013 sec)
BEST SCORE FOUND : -41301.725
Total tree length: 0.002

Total number of iterations: 2
CPU time used for tree search: 0.020 sec (0h:0m:0s)
Wall-clock time used for tree search: 0.041 sec (0h:0m:0s)
Total CPU time used: 0.069 sec (0h:0m:0s)
Total wall-clock time used: 0.213 sec (0h:0m:0s)

Analysis results written to: 
  IQ-TREE report:                workdir/tmp/iqtree/B.1.1.39.iqtree
  Maximum-likelihood tree:       workdir/tmp/iqtree/B.1.1.39.treefile
  Likelihood distances:          workdir/tmp/iqtree/B.1.1.39.mldist
  Screen log file:               workdir/tmp/iqtree/B.1.1.39.log

Date and Time: Wed Mar  3 21:29:09 2021
