IQ-TREE multicore version 2.0.6 for Linux 64-bit built May 30 2020
Developed by Bui Quang Minh, Nguyen Lam Tung, Olga Chernomor,
Heiko Schmidt, Dominik Schrempf, Michael Woodhams.

Host:    615a8d4baec8 (AVX2, FMA3, 1 GB RAM)
Command: /app/iqtree-2.0.6-Linux/bin/iqtree2 -s workdir/tmp/alignments/B.1.1.29.fasta -m HKY+F+G4 -pre workdir/tmp/iqtree/B.1.1.29 -ninit 2 -n 2 -me 0.05
Seed:    456851 (Using SPRNG - Scalable Parallel Random Number Generator)
Time:    Wed Mar  3 21:29:08 2021
Kernel:  AVX+FMA - 1 threads (2 CPU cores detected)

HINT: Use -nt option to specify number of threads because your CPU has 2 cores!
HINT: -nt AUTO will automatically determine the best number of threads to use.

Reading alignment file workdir/tmp/alignments/B.1.1.29.fasta ... Fasta format detected
Alignment most likely contains DNA/RNA sequences
Alignment has 12 sequences with 29903 columns, 112 distinct patterns
17 parsimony-informative, 56 singleton sites, 29830 constant sites
                           Gap/Ambiguity  Composition  p-value
   1  EPI_ISL_402125|2019-12-26    0.00%    passed     99.64%
   2  EPI_ISL_406798|2019-12-26    0.12%    passed     99.87%
   3  EPI_ISL_516586|2020-08-04    0.24%    passed     99.88%
   4  EPI_ISL_560460|2020-09-09    0.23%    passed     99.98%
   5  EPI_ISL_596281|2020-09-11    0.40%    passed     99.98%
   6  EPI_ISL_693534|2020-08-21    9.72%    passed     83.93%
   7  EPI_ISL_730574|2020-08-11    0.03%    passed     99.66%
   8  EPI_ISL_733046|2020-09-17    3.78%    passed     98.64%
   9  EPI_ISL_770761|2020-09-30    5.02%    passed     95.12%
  10  EPI_ISL_830736|2020-09-18    0.93%    passed     99.78%
  11  EPI_ISL_830805|2020-09-14    1.34%    passed     99.89%
  12  EPI_ISL_925419|2020-08-17    0.42%    passed     99.99%
****  TOTAL                        1.85%  0 sequences failed composition chi2 test (p-value<5%; df=3)

Create initial parsimony tree by phylogenetic likelihood library (PLL)... 0.002 seconds

NOTE: 0 MB RAM (0 GB) is required!
Estimate model parameters (epsilon = 0.500)
1. Initial log-likelihood: -41322.484
2. Current log-likelihood: -41314.025
3. Current log-likelihood: -41312.694
4. Current log-likelihood: -41311.277
5. Current log-likelihood: -41309.793
6. Current log-likelihood: -41305.102
Optimal log-likelihood: -41304.956
Rate parameters:  A-C: 1.00000  A-G: 4.21051  A-T: 1.00000  C-G: 1.00000  C-T: 4.21051  G-T: 1.00000
Base frequencies:  A: 0.299  C: 0.184  G: 0.196  T: 0.321
Gamma shape alpha: 998.448
Parameters optimization took 6 rounds (0.027 sec)
Computing ML distances based on estimated model parameters... 0.001 sec
Computing BIONJ tree...
0.018 seconds
Log-likelihood of BIONJ tree: -41305.130
--------------------------------------------------------------------
|             INITIALIZING CANDIDATE TREE SET                      |
--------------------------------------------------------------------

Do NNI search on 2 best initial trees
BETTER TREE FOUND at iteration 1: -41304.950
Finish initializing candidate tree set (4)
Current best tree score: -41304.950 / CPU time: 0.016
Number of iterations: 2
TREE SEARCH COMPLETED AFTER 2 ITERATIONS / Time: 0h:0m:0s

--------------------------------------------------------------------
|                    FINALIZING TREE SEARCH                        |
--------------------------------------------------------------------
Performs final model parameters optimization
Estimate model parameters (epsilon = 0.050)
1. Initial log-likelihood: -41304.950
Optimal log-likelihood: -41304.942
Rate parameters:  A-C: 1.00000  A-G: 4.08819  A-T: 1.00000  C-G: 1.00000  C-T: 4.08819  G-T: 1.00000
Base frequencies:  A: 0.299  C: 0.184  G: 0.196  T: 0.321
Gamma shape alpha: 998.448
Parameters optimization took 1 rounds (0.010 sec)
BEST SCORE FOUND : -41304.942
Total tree length: 0.003

Total number of iterations: 2
CPU time used for tree search: 0.006 sec (0h:0m:0s)
Wall-clock time used for tree search: 0.026 sec (0h:0m:0s)
Total CPU time used: 0.031 sec (0h:0m:0s)
Total wall-clock time used: 0.151 sec (0h:0m:0s)

Analysis results written to: 
  IQ-TREE report:                workdir/tmp/iqtree/B.1.1.29.iqtree
  Maximum-likelihood tree:       workdir/tmp/iqtree/B.1.1.29.treefile
  Likelihood distances:          workdir/tmp/iqtree/B.1.1.29.mldist
  Screen log file:               workdir/tmp/iqtree/B.1.1.29.log

Date and Time: Wed Mar  3 21:29:08 2021
