IQ-TREE multicore version 2.0.6 for Linux 64-bit built May 30 2020
Developed by Bui Quang Minh, Nguyen Lam Tung, Olga Chernomor,
Heiko Schmidt, Dominik Schrempf, Michael Woodhams.

Host:    615a8d4baec8 (AVX2, FMA3, 1 GB RAM)
Command: /app/iqtree-2.0.6-Linux/bin/iqtree2 -s workdir/tmp/alignments/B.1.258.9.fasta -m HKY+F+G4 -pre workdir/tmp/iqtree/B.1.258.9 -ninit 2 -n 2 -me 0.05
Seed:    1455 (Using SPRNG - Scalable Parallel Random Number Generator)
Time:    Wed Mar  3 21:29:19 2021
Kernel:  AVX+FMA - 1 threads (2 CPU cores detected)

HINT: Use -nt option to specify number of threads because your CPU has 2 cores!
HINT: -nt AUTO will automatically determine the best number of threads to use.

Reading alignment file workdir/tmp/alignments/B.1.258.9.fasta ... Fasta format detected
Alignment most likely contains DNA/RNA sequences
Alignment has 4 sequences with 29903 columns, 30 distinct patterns
17 parsimony-informative, 6 singleton sites, 29880 constant sites
                           Gap/Ambiguity  Composition  p-value
   1  EPI_ISL_402125|2019-12-26    0.00%    passed     99.99%
   2  EPI_ISL_406798|2019-12-26    0.12%    passed     99.97%
   3  EPI_ISL_603354|2020-09-25    0.25%    passed     99.59%
   4  EPI_ISL_615688|2020-09-07    7.61%    passed     99.13%
****  TOTAL                        2.00%  0 sequences failed composition chi2 test (p-value<5%; df=3)

Create initial parsimony tree by phylogenetic likelihood library (PLL)... 0.002 seconds

NOTE: 0 MB RAM (0 GB) is required!
Estimate model parameters (epsilon = 0.500)
1. Initial log-likelihood: -40789.356
2. Current log-likelihood: -40787.079
Optimal log-likelihood: -40786.806
Rate parameters:  A-C: 1.00000  A-G: 7.11180  A-T: 1.00000  C-G: 1.00000  C-T: 7.11180  G-T: 1.00000
Base frequencies:  A: 0.299  C: 0.184  G: 0.196  T: 0.321
Gamma shape alpha: 998.448
Parameters optimization took 2 rounds (0.009 sec)
Computing ML distances based on estimated model parameters... 0.000 sec
Computing BIONJ tree...
0.017 seconds
Log-likelihood of BIONJ tree: -40786.856
--------------------------------------------------------------------
|             INITIALIZING CANDIDATE TREE SET                      |
--------------------------------------------------------------------
Generating 1 parsimony trees... 0.000 second
Computing log-likelihood of 1 initial trees ... 0.000 seconds
Current best score: -40786.806

Do NNI search on 2 best initial trees
Finish initializing candidate tree set (2)
Current best tree score: -40786.806 / CPU time: 0.014
Number of iterations: 2
TREE SEARCH COMPLETED AFTER 2 ITERATIONS / Time: 0h:0m:0s

--------------------------------------------------------------------
|                    FINALIZING TREE SEARCH                        |
--------------------------------------------------------------------
Performs final model parameters optimization
Estimate model parameters (epsilon = 0.050)
1. Initial log-likelihood: -40786.806
2. Current log-likelihood: -40786.536
3. Current log-likelihood: -40786.275
4. Current log-likelihood: -40786.030
5. Current log-likelihood: -40785.812
6. Current log-likelihood: -40785.631
7. Current log-likelihood: -40785.495
8. Current log-likelihood: -40785.405
9. Current log-likelihood: -40785.354
Optimal log-likelihood: -40785.330
Rate parameters:  A-C: 1.00000  A-G: 3.54531  A-T: 1.00000  C-G: 1.00000  C-T: 3.54531  G-T: 1.00000
Base frequencies:  A: 0.299  C: 0.184  G: 0.196  T: 0.321
Gamma shape alpha: 998.448
Parameters optimization took 9 rounds (0.034 sec)
BEST SCORE FOUND : -40785.330
Total tree length: 0.001

Total number of iterations: 2
CPU time used for tree search: 0.003 sec (0h:0m:0s)
Wall-clock time used for tree search: 0.033 sec (0h:0m:0s)
Total CPU time used: 0.020 sec (0h:0m:0s)
Total wall-clock time used: 0.166 sec (0h:0m:0s)

Analysis results written to: 
  IQ-TREE report:                workdir/tmp/iqtree/B.1.258.9.iqtree
  Maximum-likelihood tree:       workdir/tmp/iqtree/B.1.258.9.treefile
  Likelihood distances:          workdir/tmp/iqtree/B.1.258.9.mldist
  Screen log file:               workdir/tmp/iqtree/B.1.258.9.log

Date and Time: Wed Mar  3 21:29:19 2021
