IQ-TREE multicore version 2.0.6 for Linux 64-bit built May 30 2020
Developed by Bui Quang Minh, Nguyen Lam Tung, Olga Chernomor,
Heiko Schmidt, Dominik Schrempf, Michael Woodhams.

Host:    615a8d4baec8 (AVX2, FMA3, 1 GB RAM)
Command: /app/iqtree-2.0.6-Linux/bin/iqtree2 -s workdir/tmp/alignments/B.1.236.fasta -m HKY+F+G4 -pre workdir/tmp/iqtree/B.1.236 -ninit 2 -n 2 -me 0.05
Seed:    697535 (Using SPRNG - Scalable Parallel Random Number Generator)
Time:    Wed Mar  3 21:29:18 2021
Kernel:  AVX+FMA - 1 threads (2 CPU cores detected)

HINT: Use -nt option to specify number of threads because your CPU has 2 cores!
HINT: -nt AUTO will automatically determine the best number of threads to use.

Reading alignment file workdir/tmp/alignments/B.1.236.fasta ... Fasta format detected
Alignment most likely contains DNA/RNA sequences
Alignment has 9 sequences with 29903 columns, 60 distinct patterns
9 parsimony-informative, 30 singleton sites, 29864 constant sites
                           Gap/Ambiguity  Composition  p-value
   1  EPI_ISL_402125|2019-12-26    0.00%    passed     99.75%
   2  EPI_ISL_406798|2019-12-26    0.12%    passed     99.93%
   3  EPI_ISL_516560|2020-08-02    0.77%    passed     99.76%
   4  EPI_ISL_516577|2020-08-04    0.24%    passed     99.86%
   5  EPI_ISL_516584|2020-08-03    0.77%    passed     99.46%
   6  EPI_ISL_535590|2020-08-18    0.22%    passed     99.92%
   7  EPI_ISL_581172|2020-09-21    1.41%    passed     99.40%
   8  EPI_ISL_621926|2020-09-21    0.40%    passed     99.88%
   9  EPI_ISL_815257|2020-09-05    0.00%    passed     99.78%
****  TOTAL                        0.44%  0 sequences failed composition chi2 test (p-value<5%; df=3)

Create initial parsimony tree by phylogenetic likelihood library (PLL)... 0.002 seconds

NOTE: 0 MB RAM (0 GB) is required!
Estimate model parameters (epsilon = 0.500)
1. Initial log-likelihood: -40979.368
2. Current log-likelihood: -40972.603
Optimal log-likelihood: -40972.375
Rate parameters:  A-C: 1.00000  A-G: 14.58145  A-T: 1.00000  C-G: 1.00000  C-T: 14.58145  G-T: 1.00000
Base frequencies:  A: 0.299  C: 0.184  G: 0.196  T: 0.321
Gamma shape alpha: 998.448
Parameters optimization took 2 rounds (0.008 sec)
Computing ML distances based on estimated model parameters... 0.000 sec
Computing BIONJ tree...
0.014 seconds
Log-likelihood of BIONJ tree: -40972.474
--------------------------------------------------------------------
|             INITIALIZING CANDIDATE TREE SET                      |
--------------------------------------------------------------------

Do NNI search on 2 best initial trees
BETTER TREE FOUND at iteration 1: -40972.374
Finish initializing candidate tree set (4)
Current best tree score: -40972.374 / CPU time: 0.011
Number of iterations: 2
TREE SEARCH COMPLETED AFTER 2 ITERATIONS / Time: 0h:0m:0s

--------------------------------------------------------------------
|                    FINALIZING TREE SEARCH                        |
--------------------------------------------------------------------
Performs final model parameters optimization
Estimate model parameters (epsilon = 0.050)
1. Initial log-likelihood: -40972.374
2. Current log-likelihood: -40972.140
3. Current log-likelihood: -40971.899
4. Current log-likelihood: -40971.653
5. Current log-likelihood: -40971.402
6. Current log-likelihood: -40971.145
7. Current log-likelihood: -40970.884
8. Current log-likelihood: -40970.619
9. Current log-likelihood: -40970.352
10. Current log-likelihood: -40968.038
Optimal log-likelihood: -40968.033
Rate parameters:  A-C: 1.00000  A-G: 4.65424  A-T: 1.00000  C-G: 1.00000  C-T: 4.65424  G-T: 1.00000
Base frequencies:  A: 0.299  C: 0.184  G: 0.196  T: 0.321
Gamma shape alpha: 998.448
Parameters optimization took 10 rounds (0.023 sec)
BEST SCORE FOUND : -40968.033
Total tree length: 0.001

Total number of iterations: 2
CPU time used for tree search: 0.001 sec (0h:0m:0s)
Wall-clock time used for tree search: 0.020 sec (0h:0m:0s)
Total CPU time used: 0.017 sec (0h:0m:0s)
Total wall-clock time used: 0.128 sec (0h:0m:0s)

Analysis results written to: 
  IQ-TREE report:                workdir/tmp/iqtree/B.1.236.iqtree
  Maximum-likelihood tree:       workdir/tmp/iqtree/B.1.236.treefile
  Likelihood distances:          workdir/tmp/iqtree/B.1.236.mldist
  Screen log file:               workdir/tmp/iqtree/B.1.236.log

Date and Time: Wed Mar  3 21:29:18 2021
