IQ-TREE multicore version 2.0.6 for Linux 64-bit built May 30 2020
Developed by Bui Quang Minh, Nguyen Lam Tung, Olga Chernomor,
Heiko Schmidt, Dominik Schrempf, Michael Woodhams.

Host:    615a8d4baec8 (AVX2, FMA3, 1 GB RAM)
Command: /app/iqtree-2.0.6-Linux/bin/iqtree2 -s workdir/tmp/alignments/B.1.1.277.fasta -m HKY+F+G4 -pre workdir/tmp/iqtree/B.1.1.277 -ninit 2 -n 2 -me 0.05
Seed:    832408 (Using SPRNG - Scalable Parallel Random Number Generator)
Time:    Wed Mar  3 21:29:07 2021
Kernel:  AVX+FMA - 1 threads (2 CPU cores detected)

HINT: Use -nt option to specify number of threads because your CPU has 2 cores!
HINT: -nt AUTO will automatically determine the best number of threads to use.

Reading alignment file workdir/tmp/alignments/B.1.1.277.fasta ... Fasta format detected
Alignment most likely contains DNA/RNA sequences
Alignment has 6 sequences with 29903 columns, 45 distinct patterns
17 parsimony-informative, 13 singleton sites, 29873 constant sites
                           Gap/Ambiguity  Composition  p-value
   1  EPI_ISL_402125|2019-12-26    0.00%    passed     99.80%
   2  EPI_ISL_406798|2019-12-26    0.12%    passed     99.94%
   3  EPI_ISL_541469|2020-08-31    0.23%    passed     99.90%
   4  EPI_ISL_560418|2020-09-07    0.23%    passed     99.86%
   5  EPI_ISL_569173|2020-08-11    0.82%    passed     99.86%
   6  EPI_ISL_733016|2020-08-08    5.52%    passed     98.85%
****  TOTAL                        1.15%  0 sequences failed composition chi2 test (p-value<5%; df=3)

Create initial parsimony tree by phylogenetic likelihood library (PLL)... 0.001 seconds

NOTE: 0 MB RAM (0 GB) is required!
Estimate model parameters (epsilon = 0.500)
1. Initial log-likelihood: -40882.138
2. Current log-likelihood: -40878.942
Optimal log-likelihood: -40878.608
Rate parameters:  A-C: 1.00000  A-G: 9.28323  A-T: 1.00000  C-G: 1.00000  C-T: 9.28323  G-T: 1.00000
Base frequencies:  A: 0.299  C: 0.184  G: 0.196  T: 0.321
Gamma shape alpha: 998.448
Parameters optimization took 2 rounds (0.013 sec)
Computing ML distances based on estimated model parameters... 0.001 sec
Computing BIONJ tree...
0.019 seconds
Log-likelihood of BIONJ tree: -40878.639
--------------------------------------------------------------------
|             INITIALIZING CANDIDATE TREE SET                      |
--------------------------------------------------------------------
Generating 1 parsimony trees... 0.000 second
Computing log-likelihood of 1 initial trees ... 0.000 seconds
Current best score: -40878.608

Do NNI search on 2 best initial trees
Finish initializing candidate tree set (2)
Current best tree score: -40878.608 / CPU time: 0.015
Number of iterations: 2
TREE SEARCH COMPLETED AFTER 2 ITERATIONS / Time: 0h:0m:0s

--------------------------------------------------------------------
|                    FINALIZING TREE SEARCH                        |
--------------------------------------------------------------------
Performs final model parameters optimization
Estimate model parameters (epsilon = 0.050)
1. Initial log-likelihood: -40878.608
2. Current log-likelihood: -40878.267
3. Current log-likelihood: -40877.921
4. Current log-likelihood: -40877.071
5. Current log-likelihood: -40876.763
6. Current log-likelihood: -40876.492
7. Current log-likelihood: -40876.270
8. Current log-likelihood: -40876.109
9. Current log-likelihood: -40876.007
10. Current log-likelihood: -40875.954
Optimal log-likelihood: -40875.931
Rate parameters:  A-C: 1.00000  A-G: 3.88417  A-T: 1.00000  C-G: 1.00000  C-T: 3.88417  G-T: 1.00000
Base frequencies:  A: 0.299  C: 0.184  G: 0.196  T: 0.321
Gamma shape alpha: 998.448
Parameters optimization took 10 rounds (0.025 sec)
BEST SCORE FOUND : -40875.931
Total tree length: 0.001

Total number of iterations: 2
CPU time used for tree search: 0.002 sec (0h:0m:0s)
Wall-clock time used for tree search: 0.024 sec (0h:0m:0s)
Total CPU time used: 0.018 sec (0h:0m:0s)
Total wall-clock time used: 0.141 sec (0h:0m:0s)

Analysis results written to: 
  IQ-TREE report:                workdir/tmp/iqtree/B.1.1.277.iqtree
  Maximum-likelihood tree:       workdir/tmp/iqtree/B.1.1.277.treefile
  Likelihood distances:          workdir/tmp/iqtree/B.1.1.277.mldist
  Screen log file:               workdir/tmp/iqtree/B.1.1.277.log

Date and Time: Wed Mar  3 21:29:08 2021
