IQ-TREE multicore version 2.0.6 for Linux 64-bit built May 30 2020
Developed by Bui Quang Minh, Nguyen Lam Tung, Olga Chernomor,
Heiko Schmidt, Dominik Schrempf, Michael Woodhams.

Host:    615a8d4baec8 (AVX2, FMA3, 1 GB RAM)
Command: /app/iqtree-2.0.6-Linux/bin/iqtree2 -s workdir/tmp/alignments/B.1.389.fasta -m HKY+F+G4 -pre workdir/tmp/iqtree/B.1.389 -ninit 2 -n 2 -me 0.05
Seed:    681171 (Using SPRNG - Scalable Parallel Random Number Generator)
Time:    Wed Mar  3 21:29:20 2021
Kernel:  AVX+FMA - 1 threads (2 CPU cores detected)

HINT: Use -nt option to specify number of threads because your CPU has 2 cores!
HINT: -nt AUTO will automatically determine the best number of threads to use.

Reading alignment file workdir/tmp/alignments/B.1.389.fasta ... Fasta format detected
Alignment most likely contains DNA/RNA sequences
Alignment has 17 sequences with 29903 columns, 127 distinct patterns
19 parsimony-informative, 37 singleton sites, 29847 constant sites
                           Gap/Ambiguity  Composition  p-value
   1  EPI_ISL_402125|2019-12-26    0.00%    passed     98.74%
   2  EPI_ISL_406798|2019-12-26    0.12%    passed     99.14%
   3  EPI_ISL_523875|2020-08-10    0.23%    passed     99.96%
   4  EPI_ISL_523886|2020-08-11    1.52%    passed     99.36%
   5  EPI_ISL_523916|2020-08-10    0.23%    passed     99.95%
   6  EPI_ISL_532443|2020-08-05    2.94%    passed     99.89%
   7  EPI_ISL_539455|2020-08-27    0.24%    passed     99.97%
   8  EPI_ISL_576117|2020-08-19    0.40%    passed     99.94%
   9  EPI_ISL_576118|2020-09-04    0.40%    passed     99.94%
  10  EPI_ISL_576119|2020-08-14    5.96%    passed     98.17%
  11  EPI_ISL_576121|2020-08-20    0.40%    passed     99.96%
  12  EPI_ISL_576123|2020-09-05    4.32%    passed     97.69%
  13  EPI_ISL_576125|2020-09-07    1.66%    passed     99.06%
  14  EPI_ISL_594925|2020-09-22    5.79%    passed     93.57%
  15  EPI_ISL_600091|2020-10-01    7.94%    passed     90.35%
  16  EPI_ISL_603355|2020-09-26    0.22%    passed     99.96%
  17  EPI_ISL_753876|2020-09-26    0.14%    passed     99.97%
****  TOTAL                        1.91%  0 sequences failed composition chi2 test (p-value<5%; df=3)

Create initial parsimony tree by phylogenetic likelihood library (PLL)... 0.002 seconds

NOTE: 0 MB RAM (0 GB) is required!
Estimate model parameters (epsilon = 0.500)
1. Initial log-likelihood: -41164.559
2. Current log-likelihood: -41156.906
3. Current log-likelihood: -41155.846
4. Current log-likelihood: -41152.736
Optimal log-likelihood: -41152.293
Rate parameters:  A-C: 1.00000  A-G: 4.50565  A-T: 1.00000  C-G: 1.00000  C-T: 4.50565  G-T: 1.00000
Base frequencies:  A: 0.299  C: 0.183  G: 0.196  T: 0.322
Gamma shape alpha: 998.448
Parameters optimization took 4 rounds (0.020 sec)
Computing ML distances based on estimated model parameters... 0.002 sec
Computing BIONJ tree...
0.022 seconds
Log-likelihood of BIONJ tree: -41152.395
--------------------------------------------------------------------
|             INITIALIZING CANDIDATE TREE SET                      |
--------------------------------------------------------------------

Do NNI search on 2 best initial trees
BETTER TREE FOUND at iteration 1: -41152.287
Finish initializing candidate tree set (4)
Current best tree score: -41152.287 / CPU time: 0.019
Number of iterations: 2
TREE SEARCH COMPLETED AFTER 2 ITERATIONS / Time: 0h:0m:0s

--------------------------------------------------------------------
|                    FINALIZING TREE SEARCH                        |
--------------------------------------------------------------------
Performs final model parameters optimization
Estimate model parameters (epsilon = 0.050)
1. Initial log-likelihood: -41152.287
2. Current log-likelihood: -41152.140
Optimal log-likelihood: -41152.120
Rate parameters:  A-C: 1.00000  A-G: 3.87180  A-T: 1.00000  C-G: 1.00000  C-T: 3.87180  G-T: 1.00000
Base frequencies:  A: 0.299  C: 0.183  G: 0.196  T: 0.322
Gamma shape alpha: 998.448
Parameters optimization took 2 rounds (0.010 sec)
BEST SCORE FOUND : -41152.120
Total tree length: 0.002

Total number of iterations: 2
CPU time used for tree search: 0.010 sec (0h:0m:0s)
Wall-clock time used for tree search: 0.028 sec (0h:0m:0s)
Total CPU time used: 0.035 sec (0h:0m:0s)
Total wall-clock time used: 0.158 sec (0h:0m:0s)

Analysis results written to: 
  IQ-TREE report:                workdir/tmp/iqtree/B.1.389.iqtree
  Maximum-likelihood tree:       workdir/tmp/iqtree/B.1.389.treefile
  Likelihood distances:          workdir/tmp/iqtree/B.1.389.mldist
  Screen log file:               workdir/tmp/iqtree/B.1.389.log

Date and Time: Wed Mar  3 21:29:21 2021
