IQ-TREE multicore version 2.0.6 for Linux 64-bit built May 30 2020
Developed by Bui Quang Minh, Nguyen Lam Tung, Olga Chernomor,
Heiko Schmidt, Dominik Schrempf, Michael Woodhams.

Host:    615a8d4baec8 (AVX2, FMA3, 1 GB RAM)
Command: /app/iqtree-2.0.6-Linux/bin/iqtree2 -s workdir/tmp/alignments/B.1.146.fasta -m HKY+F+G4 -pre workdir/tmp/iqtree/B.1.146 -ninit 2 -n 2 -me 0.05
Seed:    674398 (Using SPRNG - Scalable Parallel Random Number Generator)
Time:    Wed Mar  3 21:29:09 2021
Kernel:  AVX+FMA - 1 threads (2 CPU cores detected)

HINT: Use -nt option to specify number of threads because your CPU has 2 cores!
HINT: -nt AUTO will automatically determine the best number of threads to use.

Reading alignment file workdir/tmp/alignments/B.1.146.fasta ... Fasta format detected
Alignment most likely contains DNA/RNA sequences
Alignment has 5 sequences with 29903 columns, 47 distinct patterns
9 parsimony-informative, 23 singleton sites, 29871 constant sites
                           Gap/Ambiguity  Composition  p-value
   1  EPI_ISL_402125|2019-12-26    0.00%    passed     99.32%
   2  EPI_ISL_406798|2019-12-26    0.12%    passed     99.54%
   3  EPI_ISL_523781|2020-08-12    5.16%    passed     90.52%
   4  EPI_ISL_531384|2020-08-14    6.24%    passed     99.18%
   5  EPI_ISL_535627|2020-08-14    0.24%    passed     99.92%
****  TOTAL                        2.35%  0 sequences failed composition chi2 test (p-value<5%; df=3)

Create initial parsimony tree by phylogenetic likelihood library (PLL)... 0.001 seconds

NOTE: 0 MB RAM (0 GB) is required!
Estimate model parameters (epsilon = 0.500)
1. Initial log-likelihood: -40894.011
2. Current log-likelihood: -40889.073
Optimal log-likelihood: -40888.795
Rate parameters:  A-C: 1.00000  A-G: 10.73599  A-T: 1.00000  C-G: 1.00000  C-T: 10.73599  G-T: 1.00000
Base frequencies:  A: 0.299  C: 0.184  G: 0.196  T: 0.322
Gamma shape alpha: 998.448
Parameters optimization took 2 rounds (0.011 sec)
Computing ML distances based on estimated model parameters... 0.000 sec
Computing BIONJ tree...
0.026 seconds
Log-likelihood of BIONJ tree: -40888.825
--------------------------------------------------------------------
|             INITIALIZING CANDIDATE TREE SET                      |
--------------------------------------------------------------------
Generating 1 parsimony trees... 0.000 second
Computing log-likelihood of 1 initial trees ... 0.000 seconds
Current best score: -40888.795

Do NNI search on 2 best initial trees
Finish initializing candidate tree set (2)
Current best tree score: -40888.795 / CPU time: 0.015
Number of iterations: 2
TREE SEARCH COMPLETED AFTER 2 ITERATIONS / Time: 0h:0m:0s

--------------------------------------------------------------------
|                    FINALIZING TREE SEARCH                        |
--------------------------------------------------------------------
Performs final model parameters optimization
Estimate model parameters (epsilon = 0.050)
1. Initial log-likelihood: -40888.795
2. Current log-likelihood: -40888.510
3. Current log-likelihood: -40888.221
4. Current log-likelihood: -40887.927
5. Current log-likelihood: -40885.797
Optimal log-likelihood: -40885.793
Rate parameters:  A-C: 1.00000  A-G: 4.14643  A-T: 1.00000  C-G: 1.00000  C-T: 4.14643  G-T: 1.00000
Base frequencies:  A: 0.299  C: 0.184  G: 0.196  T: 0.322
Gamma shape alpha: 998.448
Parameters optimization took 5 rounds (0.013 sec)
BEST SCORE FOUND : -40885.793
Total tree length: 0.001

Total number of iterations: 2
CPU time used for tree search: 0.003 sec (0h:0m:0s)
Wall-clock time used for tree search: 0.023 sec (0h:0m:0s)
Total CPU time used: 0.013 sec (0h:0m:0s)
Total wall-clock time used: 0.131 sec (0h:0m:0s)

Analysis results written to: 
  IQ-TREE report:                workdir/tmp/iqtree/B.1.146.iqtree
  Maximum-likelihood tree:       workdir/tmp/iqtree/B.1.146.treefile
  Likelihood distances:          workdir/tmp/iqtree/B.1.146.mldist
  Screen log file:               workdir/tmp/iqtree/B.1.146.log

Date and Time: Wed Mar  3 21:29:09 2021
