IQ-TREE multicore version 2.0.6 for Linux 64-bit built May 30 2020
Developed by Bui Quang Minh, Nguyen Lam Tung, Olga Chernomor,
Heiko Schmidt, Dominik Schrempf, Michael Woodhams.

Host:    615a8d4baec8 (AVX2, FMA3, 1 GB RAM)
Command: /app/iqtree-2.0.6-Linux/bin/iqtree2 -s workdir/tmp/alignments/B.1.367.fasta -m HKY+F+G4 -pre workdir/tmp/iqtree/B.1.367 -ninit 2 -n 2 -me 0.05
Seed:    265197 (Using SPRNG - Scalable Parallel Random Number Generator)
Time:    Wed Mar  3 21:29:20 2021
Kernel:  AVX+FMA - 1 threads (2 CPU cores detected)

HINT: Use -nt option to specify number of threads because your CPU has 2 cores!
HINT: -nt AUTO will automatically determine the best number of threads to use.

Reading alignment file workdir/tmp/alignments/B.1.367.fasta ... Fasta format detected
Alignment most likely contains DNA/RNA sequences
Alignment has 14 sequences with 29903 columns, 141 distinct patterns
26 parsimony-informative, 27 singleton sites, 29850 constant sites
                           Gap/Ambiguity  Composition  p-value
   1  EPI_ISL_402125|2019-12-26    0.00%    passed     99.12%
   2  EPI_ISL_406798|2019-12-26    0.12%    passed     99.46%
   3  EPI_ISL_516558|2020-08-02    1.04%    passed     99.75%
   4  EPI_ISL_539371|2020-08-23    1.03%    passed     99.69%
   5  EPI_ISL_541410|2020-09-03    1.03%    passed     99.72%
   6  EPI_ISL_560454|2020-09-10    1.03%    passed     99.69%
   7  EPI_ISL_577932|2020-08-25    2.89%    passed     96.10%
   8  EPI_ISL_644476|2020-08-28    0.67%    passed     99.95%
   9  EPI_ISL_692736|2020-08-18    0.31%    passed     99.92%
  10  EPI_ISL_729588|2020-08-12    0.13%    passed     99.94%
  11  EPI_ISL_855565|2020-09-15    0.50%    passed     99.07%
  12  EPI_ISL_900065|2020-08-11    5.50%    passed     95.93%
  13  EPI_ISL_900104|2020-08-19   10.84%    passed     82.25%
  14  EPI_ISL_900158|2020-08-16    8.32%    passed     99.50%
****  TOTAL                        2.39%  0 sequences failed composition chi2 test (p-value<5%; df=3)

Create initial parsimony tree by phylogenetic likelihood library (PLL)... 0.004 seconds

NOTE: 0 MB RAM (0 GB) is required!
Estimate model parameters (epsilon = 0.500)
1. Initial log-likelihood: -41112.814
2. Current log-likelihood: -41109.677
3. Current log-likelihood: -41105.274
Optimal log-likelihood: -41105.266
Rate parameters:  A-C: 1.00000  A-G: 3.21742  A-T: 1.00000  C-G: 1.00000  C-T: 3.21742  G-T: 1.00000
Base frequencies:  A: 0.299  C: 0.183  G: 0.196  T: 0.322
Gamma shape alpha: 998.448
Parameters optimization took 3 rounds (0.038 sec)
Computing ML distances based on estimated model parameters... 0.001 sec
Computing BIONJ tree...
0.019 seconds
Log-likelihood of BIONJ tree: -41105.560
--------------------------------------------------------------------
|             INITIALIZING CANDIDATE TREE SET                      |
--------------------------------------------------------------------

Do NNI search on 2 best initial trees
BETTER TREE FOUND at iteration 1: -41105.229
Finish initializing candidate tree set (4)
Current best tree score: -41105.229 / CPU time: 0.017
Number of iterations: 2
TREE SEARCH COMPLETED AFTER 2 ITERATIONS / Time: 0h:0m:0s

--------------------------------------------------------------------
|                    FINALIZING TREE SEARCH                        |
--------------------------------------------------------------------
Performs final model parameters optimization
Estimate model parameters (epsilon = 0.050)
1. Initial log-likelihood: -41105.229
2. Current log-likelihood: -41105.106
Optimal log-likelihood: -41105.099
Rate parameters:  A-C: 1.00000  A-G: 2.89973  A-T: 1.00000  C-G: 1.00000  C-T: 2.89973  G-T: 1.00000
Base frequencies:  A: 0.299  C: 0.183  G: 0.196  T: 0.322
Gamma shape alpha: 998.448
Parameters optimization took 2 rounds (0.010 sec)
BEST SCORE FOUND : -41105.099
Total tree length: 0.002

Total number of iterations: 2
CPU time used for tree search: 0.010 sec (0h:0m:0s)
Wall-clock time used for tree search: 0.025 sec (0h:0m:0s)
Total CPU time used: 0.047 sec (0h:0m:0s)
Total wall-clock time used: 0.186 sec (0h:0m:0s)

Analysis results written to: 
  IQ-TREE report:                workdir/tmp/iqtree/B.1.367.iqtree
  Maximum-likelihood tree:       workdir/tmp/iqtree/B.1.367.treefile
  Likelihood distances:          workdir/tmp/iqtree/B.1.367.mldist
  Screen log file:               workdir/tmp/iqtree/B.1.367.log

Date and Time: Wed Mar  3 21:29:20 2021
