IQ-TREE multicore version 2.0.6 for Linux 64-bit built May 30 2020
Developed by Bui Quang Minh, Nguyen Lam Tung, Olga Chernomor,
Heiko Schmidt, Dominik Schrempf, Michael Woodhams.

Host:    615a8d4baec8 (AVX2, FMA3, 1 GB RAM)
Command: /app/iqtree-2.0.6-Linux/bin/iqtree2 -s workdir/tmp/alignments/B.1.1.247.fasta -m HKY+F+G4 -pre workdir/tmp/iqtree/B.1.1.247 -ninit 2 -n 2 -me 0.05
Seed:    482769 (Using SPRNG - Scalable Parallel Random Number Generator)
Time:    Wed Mar  3 21:29:07 2021
Kernel:  AVX+FMA - 1 threads (2 CPU cores detected)

HINT: Use -nt option to specify number of threads because your CPU has 2 cores!
HINT: -nt AUTO will automatically determine the best number of threads to use.

Reading alignment file workdir/tmp/alignments/B.1.1.247.fasta ... Fasta format detected
Alignment most likely contains DNA/RNA sequences
Alignment has 7 sequences with 29903 columns, 52 distinct patterns
11 parsimony-informative, 19 singleton sites, 29873 constant sites
                           Gap/Ambiguity  Composition  p-value
   1  EPI_ISL_402125|2019-12-26    0.00%    passed     99.89%
   2  EPI_ISL_406798|2019-12-26    0.12%    passed     99.98%
   3  EPI_ISL_516561|2020-08-02    0.21%    passed     99.95%
   4  EPI_ISL_539579|2020-08-28    0.45%    passed     99.94%
   5  EPI_ISL_560549|2020-09-08    0.22%    passed     99.92%
   6  EPI_ISL_591188|2020-08-23    1.76%    passed     99.97%
   7  EPI_ISL_710564|2020-09-19    0.00%    passed     99.83%
****  TOTAL                        0.40%  0 sequences failed composition chi2 test (p-value<5%; df=3)

Create initial parsimony tree by phylogenetic likelihood library (PLL)... 0.001 seconds

NOTE: 0 MB RAM (0 GB) is required!
Estimate model parameters (epsilon = 0.500)
1. Initial log-likelihood: -40887.684
2. Current log-likelihood: -40880.758
Optimal log-likelihood: -40880.618
Rate parameters:  A-C: 1.00000  A-G: 11.66313  A-T: 1.00000  C-G: 1.00000  C-T: 11.66313  G-T: 1.00000
Base frequencies:  A: 0.299  C: 0.184  G: 0.196  T: 0.321
Gamma shape alpha: 998.448
Parameters optimization took 2 rounds (0.012 sec)
Computing ML distances based on estimated model parameters... 0.001 sec
Computing BIONJ tree...
0.020 seconds
Log-likelihood of BIONJ tree: -40880.679
--------------------------------------------------------------------
|             INITIALIZING CANDIDATE TREE SET                      |
--------------------------------------------------------------------

Do NNI search on 2 best initial trees
UPDATE BEST LOG-LIKELIHOOD: -40880.618
Finish initializing candidate tree set (2)
Current best tree score: -40880.618 / CPU time: 0.011
Number of iterations: 2
TREE SEARCH COMPLETED AFTER 2 ITERATIONS / Time: 0h:0m:0s

--------------------------------------------------------------------
|                    FINALIZING TREE SEARCH                        |
--------------------------------------------------------------------
Performs final model parameters optimization
Estimate model parameters (epsilon = 0.050)
1. Initial log-likelihood: -40880.618
2. Current log-likelihood: -40880.477
3. Current log-likelihood: -40880.335
4. Current log-likelihood: -40880.194
5. Current log-likelihood: -40880.052
6. Current log-likelihood: -40879.912
7. Current log-likelihood: -40879.774
8. Current log-likelihood: -40879.638
9. Current log-likelihood: -40879.507
10. Current log-likelihood: -40879.381
11. Current log-likelihood: -40879.262
12. Current log-likelihood: -40879.151
13. Current log-likelihood: -40879.049
14. Current log-likelihood: -40878.957
15. Current log-likelihood: -40878.878
16. Current log-likelihood: -40878.810
17. Current log-likelihood: -40878.754
Optimal log-likelihood: -40878.709
Rate parameters:  A-C: 1.00000  A-G: 5.99164  A-T: 1.00000  C-G: 1.00000  C-T: 5.99164  G-T: 1.00000
Base frequencies:  A: 0.299  C: 0.184  G: 0.196  T: 0.321
Gamma shape alpha: 998.448
Parameters optimization took 17 rounds (0.044 sec)
BEST SCORE FOUND : -40878.709
Total tree length: 0.001

Total number of iterations: 2
CPU time used for tree search: 0.003 sec (0h:0m:0s)
Wall-clock time used for tree search: 0.021 sec (0h:0m:0s)
Total CPU time used: 0.026 sec (0h:0m:0s)
Total wall-clock time used: 0.160 sec (0h:0m:0s)

Analysis results written to: 
  IQ-TREE report:                workdir/tmp/iqtree/B.1.1.247.iqtree
  Maximum-likelihood tree:       workdir/tmp/iqtree/B.1.1.247.treefile
  Likelihood distances:          workdir/tmp/iqtree/B.1.1.247.mldist
  Screen log file:               workdir/tmp/iqtree/B.1.1.247.log

Date and Time: Wed Mar  3 21:29:07 2021
