IQ-TREE multicore version 2.0.6 for Linux 64-bit built May 30 2020
Developed by Bui Quang Minh, Nguyen Lam Tung, Olga Chernomor,
Heiko Schmidt, Dominik Schrempf, Michael Woodhams.

Host:    615a8d4baec8 (AVX2, FMA3, 1 GB RAM)
Command: /app/iqtree-2.0.6-Linux/bin/iqtree2 -s workdir/tmp/alignments/B.1.1.241.fasta -te workdir/tmp/iqtree/B.1.1.241.treefile -m HKY+F+G4 -keep-ident -o EPI_ISL_406798|2019-12-26 -ntmax 4 --date TAXNAME --date-ci 100 --date-outlier 3 --clock-sd 0.4 --date-options -a b(2019.872,2019.98) -u 0 -t 0.0008 -pre workdir/tmp/lsd/B.1.1.241
Seed:    215139 (Using SPRNG - Scalable Parallel Random Number Generator)
Time:    Wed Mar  3 21:29:23 2021
Kernel:  AVX+FMA - 1 threads (2 CPU cores detected)

HINT: Use -nt option to specify number of threads because your CPU has 2 cores!
HINT: -nt AUTO will automatically determine the best number of threads to use.

Reading alignment file workdir/tmp/alignments/B.1.1.241.fasta ... Fasta format detected
Alignment most likely contains DNA/RNA sequences
Alignment has 10 sequences with 29903 columns, 80 distinct patterns
15 parsimony-informative, 17 singleton sites, 29871 constant sites
                            Gap/Ambiguity  Composition  p-value
   1  EPI_ISL_1015134|2020-08-04    0.05%    passed     99.95%
   2  EPI_ISL_1015289|2020-08-18    0.75%    passed     99.51%
   3  EPI_ISL_402125|2019-12-26     0.00%    passed     99.71%
   4  EPI_ISL_406798|2019-12-26     0.12%    passed     99.92%
   5  EPI_ISL_560500|2020-09-08     0.23%    passed     99.97%
   6  EPI_ISL_569215|2020-09-01     1.80%    passed     99.53%
   7  EPI_ISL_644519|2020-09-28     1.11%    passed     99.77%
   8  EPI_ISL_671975|2020-08-03     0.22%    passed     99.96%
   9  EPI_ISL_692761|2020-08-30     0.29%    passed     99.95%
  10  EPI_ISL_960008|2020-09-14     0.31%    passed     99.93%
****  TOTAL                         0.49%  0 sequences failed composition chi2 test (p-value<5%; df=3)
Reading input tree file workdir/tmp/iqtree/B.1.1.241.treefile ...

NOTE: 0 MB RAM (0 GB) is required!
Estimate model parameters (epsilon = 0.010)
1. Initial log-likelihood: -40911.414
2. Current log-likelihood: -40907.111
3. Current log-likelihood: -40906.833
4. Current log-likelihood: -40906.548
5. Current log-likelihood: -40906.258
6. Current log-likelihood: -40905.964
7. Current log-likelihood: -40903.835
Optimal log-likelihood: -40903.831
Rate parameters:  A-C: 1.00000  A-G: 4.16770  A-T: 1.00000  C-G: 1.00000  C-T: 4.16770  G-T: 1.00000
Base frequencies:  A: 0.299  C: 0.184  G: 0.196  T: 0.321
Gamma shape alpha: 998.448
Parameters optimization took 7 rounds (0.023 sec)
BEST SCORE FOUND : -40903.831
Total tree length: 0.001

Total number of iterations: 0
CPU time used for tree search: 0.000 sec (0h:0m:0s)
Wall-clock time used for tree search: 0.000 sec (0h:0m:0s)
Total CPU time used: 0.016 sec (0h:0m:0s)
Total wall-clock time used: 0.062 sec (0h:0m:0s)

Analysis results written to: 
  IQ-TREE report:                workdir/tmp/lsd/B.1.1.241.iqtree
  Maximum-likelihood tree:       workdir/tmp/lsd/B.1.1.241.treefile
  Screen log file:               workdir/tmp/lsd/B.1.1.241.log

--- Start phylogenetic dating ---
Extracting date from node names...
10 dates extracted
Building time tree by least-square dating (LSD) with command:
lsd -i workdir/tmp/lsd/B.1.1.241.timetree.subst -s 29903 -o workdir/tmp/lsd/B.1.1.241.timetree -f 100 -q 0.4 -e 3 -g workdir/tmp/lsd/B.1.1.241.timetree.outgroup -d workdir/tmp/lsd/B.1.1.241.timetree.date -a b(2019.872,2019.98) -u 0 -t 0.0008 
Reroot the tree 1 using given outgroups ...

TREE 1
*PROCESSING:
Reading the tree ... 
Collapse 3 (over 9) internal branches having branch length <= 1.67e-05
 (settable via option -l)
Parameter to adjust variances was set to 0.000334 (settable via option -b)
Calculating the outlier nodes with Zscore threshold 3 (setable via option -e)...
Minimum branch length of time scaled tree was set to 0 (settable
 via option -u and -U)
Estimating the root position on the branch defined by given outgroups ...
Computing confidence intervals using sequence length 29903 and a lognormal
 relaxed clock with mean 1, standard deviation 0.4 (settable via option -q)
*WARNINGS:
- 33.3333% internal branches were collapsed.
- The estimated rate reaches the given lower bound. To change the lower bound, use option -t.
*RESULTS:
- There is not any outlier date.
- Dating results:
 rate 0.0008, tMRCA 2019-12-11
- Results with confidence intervals:
 rate 0.0008 [0.0008; 0.00174047], tMRCA 2019-12-11 [2019-11-14; 2019-12-26]

TOTAL ELAPSED TIME: 0.00426 seconds
LSD results written to:
  LSD report:                  workdir/tmp/lsd/B.1.1.241.timetree.lsd
  Time tree in nexus format:   workdir/tmp/lsd/B.1.1.241.timetree.nex
  Time tree in newick format:  workdir/tmp/lsd/B.1.1.241.timetree.nwk

--- End phylogenetic dating ---
Date and Time: Wed Mar  3 21:29:23 2021
