IQ-TREE multicore version 2.0.6 for Linux 64-bit built May 30 2020
Developed by Bui Quang Minh, Nguyen Lam Tung, Olga Chernomor,
Heiko Schmidt, Dominik Schrempf, Michael Woodhams.

Host:    615a8d4baec8 (AVX2, FMA3, 1 GB RAM)
Command: /app/iqtree-2.0.6-Linux/bin/iqtree2 -s workdir/tmp/alignments/B.1.389.fasta -te workdir/tmp/iqtree/B.1.389.treefile -m HKY+F+G4 -keep-ident -o EPI_ISL_406798|2019-12-26 -ntmax 4 --date TAXNAME --date-ci 100 --date-outlier 3 --clock-sd 0.4 --date-options -a b(2019.872,2019.98) -u 0 -t 0.0008 -pre workdir/tmp/lsd/B.1.389
Seed:    376118 (Using SPRNG - Scalable Parallel Random Number Generator)
Time:    Wed Mar  3 21:29:32 2021
Kernel:  AVX+FMA - 1 threads (2 CPU cores detected)

HINT: Use -nt option to specify number of threads because your CPU has 2 cores!
HINT: -nt AUTO will automatically determine the best number of threads to use.

Reading alignment file workdir/tmp/alignments/B.1.389.fasta ... Fasta format detected
Alignment most likely contains DNA/RNA sequences
Alignment has 17 sequences with 29903 columns, 127 distinct patterns
19 parsimony-informative, 37 singleton sites, 29847 constant sites
                           Gap/Ambiguity  Composition  p-value
   1  EPI_ISL_402125|2019-12-26    0.00%    passed     98.74%
   2  EPI_ISL_406798|2019-12-26    0.12%    passed     99.14%
   3  EPI_ISL_523875|2020-08-10    0.23%    passed     99.96%
   4  EPI_ISL_523886|2020-08-11    1.52%    passed     99.36%
   5  EPI_ISL_523916|2020-08-10    0.23%    passed     99.95%
   6  EPI_ISL_532443|2020-08-05    2.94%    passed     99.89%
   7  EPI_ISL_539455|2020-08-27    0.24%    passed     99.97%
   8  EPI_ISL_576117|2020-08-19    0.40%    passed     99.94%
   9  EPI_ISL_576118|2020-09-04    0.40%    passed     99.94%
  10  EPI_ISL_576119|2020-08-14    5.96%    passed     98.17%
  11  EPI_ISL_576121|2020-08-20    0.40%    passed     99.96%
  12  EPI_ISL_576123|2020-09-05    4.32%    passed     97.69%
  13  EPI_ISL_576125|2020-09-07    1.66%    passed     99.06%
  14  EPI_ISL_594925|2020-09-22    5.79%    passed     93.57%
  15  EPI_ISL_600091|2020-10-01    7.94%    passed     90.35%
  16  EPI_ISL_603355|2020-09-26    0.22%    passed     99.96%
  17  EPI_ISL_753876|2020-09-26    0.14%    passed     99.97%
****  TOTAL                        1.91%  0 sequences failed composition chi2 test (p-value<5%; df=3)
Reading input tree file workdir/tmp/iqtree/B.1.389.treefile ...

NOTE: 0 MB RAM (0 GB) is required!
Estimate model parameters (epsilon = 0.010)
1. Initial log-likelihood: -41164.396
2. Current log-likelihood: -41156.900
3. Current log-likelihood: -41155.840
4. Current log-likelihood: -41152.730
5. Current log-likelihood: -41152.287
6. Current log-likelihood: -41152.140
7. Current log-likelihood: -41152.120
Optimal log-likelihood: -41152.119
Rate parameters:  A-C: 1.00000  A-G: 3.83293  A-T: 1.00000  C-G: 1.00000  C-T: 3.83293  G-T: 1.00000
Base frequencies:  A: 0.299  C: 0.183  G: 0.196  T: 0.322
Gamma shape alpha: 998.448
Parameters optimization took 7 rounds (0.033 sec)
BEST SCORE FOUND : -41152.119
Total tree length: 0.002

Total number of iterations: 0
CPU time used for tree search: 0.000 sec (0h:0m:0s)
Wall-clock time used for tree search: 0.000 sec (0h:0m:0s)
Total CPU time used: 0.025 sec (0h:0m:0s)
Total wall-clock time used: 0.069 sec (0h:0m:0s)

Analysis results written to: 
  IQ-TREE report:                workdir/tmp/lsd/B.1.389.iqtree
  Maximum-likelihood tree:       workdir/tmp/lsd/B.1.389.treefile
  Screen log file:               workdir/tmp/lsd/B.1.389.log

--- Start phylogenetic dating ---
Extracting date from node names...
17 dates extracted
Building time tree by least-square dating (LSD) with command:
lsd -i workdir/tmp/lsd/B.1.389.timetree.subst -s 29903 -o workdir/tmp/lsd/B.1.389.timetree -f 100 -q 0.4 -e 3 -g workdir/tmp/lsd/B.1.389.timetree.outgroup -d workdir/tmp/lsd/B.1.389.timetree.date -a b(2019.872,2019.98) -u 0 -t 0.0008 
Reroot the tree 1 using given outgroups ...

TREE 1
*PROCESSING:
Reading the tree ... 
Collapse 10 (over 16) internal branches having branch length <= 1.67e-05
 (settable via option -l)
Parameter to adjust variances was set to 0.000334 (settable via option -b)
Calculating the outlier nodes with Zscore threshold 3 (setable via option -e)...
Minimum branch length of time scaled tree was set to 0 (settable
 via option -u and -U)
Estimating the root position on the branch defined by given outgroups ...
Computing confidence intervals using sequence length 29903 and a lognormal
 relaxed clock with mean 1, standard deviation 0.4 (settable via option -q)
*WARNINGS:
- 62.5% internal branches were collapsed.
*RESULTS:
- There is not any outlier date.
- Dating results:
 rate 0.000916471, tMRCA 2019-12-12
- Results with confidence intervals:
 rate 0.000916471 [0.0008; 0.00156855], tMRCA 2019-12-12 [2019-11-14; 2019-12-26]

TOTAL ELAPSED TIME: 0.0053 seconds
LSD results written to:
  LSD report:                  workdir/tmp/lsd/B.1.389.timetree.lsd
  Time tree in nexus format:   workdir/tmp/lsd/B.1.389.timetree.nex
  Time tree in newick format:  workdir/tmp/lsd/B.1.389.timetree.nwk

--- End phylogenetic dating ---
Date and Time: Wed Mar  3 21:29:32 2021
