IQ-TREE multicore version 2.0.6 for Linux 64-bit built May 30 2020
Developed by Bui Quang Minh, Nguyen Lam Tung, Olga Chernomor,
Heiko Schmidt, Dominik Schrempf, Michael Woodhams.

Host:    615a8d4baec8 (AVX2, FMA3, 1 GB RAM)
Command: /app/iqtree-2.0.6-Linux/bin/iqtree2 -s workdir/tmp/alignments/B.1.1.39.fasta -te workdir/tmp/iqtree/B.1.1.39.treefile -m HKY+F+G4 -keep-ident -o EPI_ISL_406798|2019-12-26 -ntmax 4 --date TAXNAME --date-ci 100 --date-outlier 3 --clock-sd 0.4 --date-options -a b(2019.872,2019.98) -u 0 -t 0.0008 -pre workdir/tmp/lsd/B.1.1.39
Seed:    60276 (Using SPRNG - Scalable Parallel Random Number Generator)
Time:    Wed Mar  3 21:29:25 2021
Kernel:  AVX+FMA - 1 threads (2 CPU cores detected)

HINT: Use -nt option to specify number of threads because your CPU has 2 cores!
HINT: -nt AUTO will automatically determine the best number of threads to use.

Reading alignment file workdir/tmp/alignments/B.1.1.39.fasta ... Fasta format detected
Alignment most likely contains DNA/RNA sequences
Alignment has 22 sequences with 29903 columns, 130 distinct patterns
21 parsimony-informative, 48 singleton sites, 29834 constant sites
                           Gap/Ambiguity  Composition  p-value
   1  EPI_ISL_402125|2019-12-26    0.00%    passed     99.70%
   2  EPI_ISL_406798|2019-12-26    0.12%    passed     99.87%
   3  EPI_ISL_516572|2020-08-04    0.23%    passed     99.98%
   4  EPI_ISL_516594|2020-08-05    0.77%    passed     99.60%
   5  EPI_ISL_516595|2020-08-05    0.23%    passed     99.98%
   6  EPI_ISL_523891|2020-08-12    0.22%    passed     99.98%
   7  EPI_ISL_531788|2020-08-10    4.89%    passed     97.14%
   8  EPI_ISL_535628|2020-08-14    1.61%    passed     99.97%
   9  EPI_ISL_539429|2020-08-26    0.22%    passed     99.99%
  10  EPI_ISL_590593|2020-09-08    3.10%    passed     99.84%
  11  EPI_ISL_595779|2020-09-27    0.03%    passed     99.81%
  12  EPI_ISL_601645|2020-09-16    0.40%    passed     99.99%
  13  EPI_ISL_603281|2020-09-30    0.23%    passed     99.98%
  14  EPI_ISL_603293|2020-10-01    0.23%    passed     99.99%
  15  EPI_ISL_603331|2020-09-25    0.23%    passed     99.99%
  16  EPI_ISL_603352|2020-09-25    0.21%    passed     99.99%
  17  EPI_ISL_603409|2020-09-30    0.22%    passed     99.99%
  18  EPI_ISL_710563|2020-09-09    0.00%    passed     99.70%
  19  EPI_ISL_729587|2020-08-05    0.19%    passed     99.98%
  20  EPI_ISL_753858|2020-08-05    0.15%    passed     99.99%
  21  EPI_ISL_830737|2020-09-17    0.97%    passed     99.80%
  22  EPI_ISL_830811|2020-09-17    1.04%    passed     99.49%
****  TOTAL                        0.70%  0 sequences failed composition chi2 test (p-value<5%; df=3)
Reading input tree file workdir/tmp/iqtree/B.1.1.39.treefile ...

NOTE: 0 MB RAM (0 GB) is required!
Estimate model parameters (epsilon = 0.010)
1. Initial log-likelihood: -41316.336
2. Current log-likelihood: -41310.680
3. Current log-likelihood: -41308.869
4. Current log-likelihood: -41306.928
5. Current log-likelihood: -41302.229
6. Current log-likelihood: -41301.742
7. Current log-likelihood: -41301.725
Optimal log-likelihood: -41301.724
Rate parameters:  A-C: 1.00000  A-G: 3.60253  A-T: 1.00000  C-G: 1.00000  C-T: 3.60253  G-T: 1.00000
Base frequencies:  A: 0.299  C: 0.184  G: 0.196  T: 0.321
Gamma shape alpha: 0.020
Parameters optimization took 7 rounds (0.051 sec)
BEST SCORE FOUND : -41301.724
Total tree length: 0.002

Total number of iterations: 0
CPU time used for tree search: 0.000 sec (0h:0m:0s)
Wall-clock time used for tree search: 0.000 sec (0h:0m:0s)
Total CPU time used: 0.047 sec (0h:0m:0s)
Total wall-clock time used: 0.097 sec (0h:0m:0s)

Analysis results written to: 
  IQ-TREE report:                workdir/tmp/lsd/B.1.1.39.iqtree
  Maximum-likelihood tree:       workdir/tmp/lsd/B.1.1.39.treefile
  Screen log file:               workdir/tmp/lsd/B.1.1.39.log

--- Start phylogenetic dating ---
Extracting date from node names...
22 dates extracted
Building time tree by least-square dating (LSD) with command:
lsd -i workdir/tmp/lsd/B.1.1.39.timetree.subst -s 29903 -o workdir/tmp/lsd/B.1.1.39.timetree -f 100 -q 0.4 -e 3 -g workdir/tmp/lsd/B.1.1.39.timetree.outgroup -d workdir/tmp/lsd/B.1.1.39.timetree.date -a b(2019.872,2019.98) -u 0 -t 0.0008 
Reroot the tree 1 using given outgroups ...

TREE 1
*PROCESSING:
Reading the tree ... 
Collapse 12 (over 21) internal branches having branch length <= 1.67e-05
 (settable via option -l)
Parameter to adjust variances was set to 0.000334 (settable via option -b)
Calculating the outlier nodes with Zscore threshold 3 (setable via option -e)...
Minimum branch length of time scaled tree was set to 0 (settable
 via option -u and -U)
Estimating the root position on the branch defined by given outgroups ...
Computing confidence intervals using sequence length 29903 and a lognormal
 relaxed clock with mean 1, standard deviation 0.4 (settable via option -q)
*WARNINGS:
- 57.1429% internal branches were collapsed.
- The estimated rate reaches the given lower bound. To change the lower bound, use option -t.
*RESULTS:
- There is not any outlier date.
- Dating results:
 rate 0.0008, tMRCA 2019-12-08
- Results with confidence intervals:
 rate 0.0008 [0.0008; 0.00124391], tMRCA 2019-12-08 [2019-11-14; 2019-12-26]

TOTAL ELAPSED TIME: 0.00545 seconds
LSD results written to:
  LSD report:                  workdir/tmp/lsd/B.1.1.39.timetree.lsd
  Time tree in nexus format:   workdir/tmp/lsd/B.1.1.39.timetree.nex
  Time tree in newick format:  workdir/tmp/lsd/B.1.1.39.timetree.nwk

--- End phylogenetic dating ---
Date and Time: Wed Mar  3 21:29:25 2021
