IQ-TREE multicore version 2.0.6 for Linux 64-bit built May 30 2020
Developed by Bui Quang Minh, Nguyen Lam Tung, Olga Chernomor,
Heiko Schmidt, Dominik Schrempf, Michael Woodhams.

Host:    615a8d4baec8 (AVX2, FMA3, 1 GB RAM)
Command: /app/iqtree-2.0.6-Linux/bin/iqtree2 -s workdir/tmp/alignments/B.1.177.fasta -te workdir/tmp/iqtree/B.1.177.treefile -m HKY+F+G4 -keep-ident -o EPI_ISL_406798|2019-12-26 -ntmax 4 --date TAXNAME --date-ci 100 --date-outlier 3 --clock-sd 0.4 --date-options -a b(2019.872,2019.98) -u 0 -t 0.0008 -pre workdir/tmp/lsd/B.1.177
Seed:    228065 (Using SPRNG - Scalable Parallel Random Number Generator)
Time:    Wed Mar  3 21:29:28 2021
Kernel:  AVX+FMA - 1 threads (2 CPU cores detected)

HINT: Use -nt option to specify number of threads because your CPU has 2 cores!
HINT: -nt AUTO will automatically determine the best number of threads to use.

Reading alignment file workdir/tmp/alignments/B.1.177.fasta ... Fasta format detected
Alignment most likely contains DNA/RNA sequences
Alignment has 114 sequences with 29903 columns, 911 distinct patterns
86 parsimony-informative, 201 singleton sites, 29616 constant sites
                            Gap/Ambiguity  Composition  p-value
   1  EPI_ISL_1015148|2020-09-04    0.02%    passed     99.39%
   2  EPI_ISL_1108887|2020-09       2.10%    passed     97.39%
   3  EPI_ISL_402125|2019-12-26     0.00%    passed     99.14%
   4  EPI_ISL_406798|2019-12-26     0.12%    passed     99.56%
   5  EPI_ISL_523869|2020-08-10     0.22%    passed     99.99%
   6  EPI_ISL_523883|2020-08-11     0.22%    passed    100.00%
   7  EPI_ISL_535229|2020-09-06     1.14%    passed     96.43%
   8  EPI_ISL_535625|2020-08-20     0.23%    passed    100.00%
   9  EPI_ISL_539359|2020-08-22     0.22%    passed    100.00%
  10  EPI_ISL_539367|2020-08-22     0.23%    passed    100.00%
  11  EPI_ISL_539368|2020-08-23     0.23%    passed    100.00%
  12  EPI_ISL_539389|2020-08-23     0.22%    passed    100.00%
  13  EPI_ISL_539403|2020-08-24     0.23%    passed     99.99%
  14  EPI_ISL_539405|2020-08-25     0.23%    passed     99.99%
  15  EPI_ISL_539430|2020-08-26     0.23%    passed     99.99%
  16  EPI_ISL_539432|2020-08-26     0.23%    passed    100.00%
  17  EPI_ISL_539459|2020-08-26     0.23%    passed    100.00%
  18  EPI_ISL_539460|2020-08-27     0.78%    passed     99.51%
  19  EPI_ISL_541408|2020-09-02     0.23%    passed     99.99%
  20  EPI_ISL_541428|2020-09-03     0.23%    passed     99.99%
  21  EPI_ISL_541438|2020-08-28     0.23%    passed    100.00%
  22  EPI_ISL_541468|2020-09-02     0.24%    passed     99.99%
  23  EPI_ISL_541473|2020-09-02     0.23%    passed    100.00%
  24  EPI_ISL_541474|2020-09-02     0.23%    passed    100.00%
  25  EPI_ISL_541503|2020-08-31     0.24%    passed    100.00%
  26  EPI_ISL_541511|2020-09-02     0.23%    passed    100.00%
  27  EPI_ISL_541528|2020-08-28     0.23%    passed     99.99%
  28  EPI_ISL_541535|2020-08-31     0.53%    passed     99.96%
  29  EPI_ISL_541911|2020-08-04     0.95%    passed     99.96%
  30  EPI_ISL_560424|2020-09-08     0.23%    passed     99.99%
  31  EPI_ISL_560451|2020-09-10     0.62%    passed     99.88%
  32  EPI_ISL_560463|2020-09-08     0.23%    passed    100.00%
  33  EPI_ISL_560466|2020-09-10     0.23%    passed     99.99%
  34  EPI_ISL_560481|2020-09-08     0.23%    passed     99.99%
  35  EPI_ISL_560490|2020-09-07     0.23%    passed    100.00%
  36  EPI_ISL_560499|2020-09-08     1.01%    passed     99.39%
  37  EPI_ISL_560504|2020-09-08     0.23%    passed    100.00%
  38  EPI_ISL_560514|2020-09-08     0.23%    passed    100.00%
  39  EPI_ISL_560524|2020-09-09     0.23%    passed    100.00%
  40  EPI_ISL_560528|2020-09-10     0.22%    passed     99.99%
  41  EPI_ISL_560551|2020-09-09     0.23%    passed     99.99%
  42  EPI_ISL_566513|2020-09-10     5.41%    passed     96.36%
  43  EPI_ISL_569122|2020-08-19     1.74%    passed     99.89%
  44  EPI_ISL_575494|2020-09-16     0.40%    passed     99.99%
  45  EPI_ISL_577836|2020-09-27     8.42%    passed     83.33%
  46  EPI_ISL_578264|2020-09-05     2.23%    passed     98.66%
  47  EPI_ISL_580133|2020-09-24     0.40%    passed     99.99%
  48  EPI_ISL_581936|2020-08-03     0.95%    passed     99.92%
  49  EPI_ISL_581951|2020-08-12     0.76%    passed     99.94%
  50  EPI_ISL_581955|2020-08-14     0.35%    passed    100.00%
  51  EPI_ISL_581963|2020-08-09     0.36%    passed     99.99%
  52  EPI_ISL_582041|2020-09-16     2.01%    passed     99.63%
  53  EPI_ISL_582816|2020-08-18     6.05%    passed     91.72%
  54  EPI_ISL_584923|2020-09-29     6.93%    passed     93.15%
  55  EPI_ISL_584942|2020-09-29     3.05%    passed     99.87%
  56  EPI_ISL_585052|2020-09-27     5.75%    passed     99.62%
  57  EPI_ISL_587316|2020-09-29     4.98%    passed     86.90%
  58  EPI_ISL_587363|2020-09-29     0.63%    passed     99.91%
  59  EPI_ISL_588092|2020-09-28     0.40%    passed     99.98%
  60  EPI_ISL_588159|2020-09-28     0.40%    passed     99.95%
  61  EPI_ISL_588295|2020-09-25     0.40%    passed     99.98%
  62  EPI_ISL_588591|2020-09-24     0.41%    passed     99.99%
  63  EPI_ISL_588848|2020-09-27     0.40%    passed     99.97%
  64  EPI_ISL_590083|2020-09-14     0.40%    passed     99.99%
  65  EPI_ISL_594557|2020-09-30     0.40%    passed     99.99%
  66  EPI_ISL_595796|2020-09-27     0.00%    passed     99.42%
  67  EPI_ISL_603272|2020-10-01     0.22%    passed    100.00%
  68  EPI_ISL_603309|2020-10-01     0.14%    passed    100.00%
  69  EPI_ISL_603333|2020-09-25     0.23%    passed    100.00%
  70  EPI_ISL_603334|2020-09-25     0.24%    passed    100.00%
  71  EPI_ISL_603340|2020-09-25     0.23%    passed    100.00%
  72  EPI_ISL_603342|2020-09-25     0.23%    passed     99.99%
  73  EPI_ISL_603353|2020-09-25     0.21%    passed    100.00%
  74  EPI_ISL_603369|2020-09-29     0.19%    passed    100.00%
  75  EPI_ISL_603378|2020-09-29     0.23%    passed    100.00%
  76  EPI_ISL_603397|2020-09-30     0.23%    passed    100.00%
  77  EPI_ISL_603414|2020-09-30     0.23%    passed    100.00%
  78  EPI_ISL_603416|2020-09-30     0.23%    passed    100.00%
  79  EPI_ISL_631376|2020-09-15     0.41%    passed    100.00%
  80  EPI_ISL_632332|2020-09-24     4.63%    passed     96.87%
  81  EPI_ISL_632346|2020-09-17     4.17%    passed     96.22%
  82  EPI_ISL_632387|2020-09-15     1.69%    passed     99.56%
  83  EPI_ISL_632569|2020-09-29     0.43%    passed     99.99%
  84  EPI_ISL_632570|2020-09-29     0.43%    passed     99.97%
  85  EPI_ISL_636906|2020-09-12     0.09%    passed    100.00%
  86  EPI_ISL_638284|2020-09-24     1.14%    passed     99.94%
  87  EPI_ISL_639992|2020-09-23     0.09%    passed     99.99%
  88  EPI_ISL_644440|2020-09-18     0.67%    passed     99.97%
  89  EPI_ISL_654055|2020-08-06     0.92%    passed     99.96%
  90  EPI_ISL_654140|2020-09-21     6.82%    passed     93.47%
  91  EPI_ISL_654164|2020-10-01     4.46%    passed     99.90%
  92  EPI_ISL_654175|2020-09-29     2.09%    passed     99.82%
  93  EPI_ISL_654445|2020-10-01     0.35%    passed     99.98%
  94  EPI_ISL_660281|2020-08-05     0.32%    passed     99.99%
  95  EPI_ISL_722278|2020-09-28     6.94%    passed     97.06%
  96  EPI_ISL_722815|2020-08-28     0.43%    passed    100.00%
  97  EPI_ISL_722836|2020-09-28     1.19%    passed     99.95%
  98  EPI_ISL_729368|2020-09-21     2.53%    passed     99.98%
  99  EPI_ISL_732782|2020-08-25     1.63%    passed     99.81%
 100  EPI_ISL_738122|2020-08-23     0.23%    passed    100.00%
 101  EPI_ISL_768648|2020-10        0.45%    passed    100.00%
 102  EPI_ISL_777004|2020-09-20     0.06%    passed     99.47%
 103  EPI_ISL_778692|2020-09-29     0.06%    passed     99.47%
 104  EPI_ISL_778720|2020-09-15     0.06%    passed     99.44%
 105  EPI_ISL_824408|2020-08-18     0.23%    passed    100.00%
 106  EPI_ISL_830738|2020-09-19     7.22%    passed     97.66%
 107  EPI_ISL_830786|2020-09-06     0.32%    passed     99.96%
 108  EPI_ISL_830793|2020-09-07     0.96%    passed     99.91%
 109  EPI_ISL_830815|2020-09-25     5.19%    passed     99.98%
 110  EPI_ISL_831010|2020-09-19     0.31%    passed     99.99%
 111  EPI_ISL_831126|2020-09-07     0.27%    passed     99.99%
 112  EPI_ISL_837308|2020-09-17     0.06%    passed     99.39%
 113  EPI_ISL_959955|2020-09-25     0.53%    passed     99.98%
 114  EPI_ISL_977174|2020-08-23     0.45%    passed     99.97%
****  TOTAL                         1.12%  0 sequences failed composition chi2 test (p-value<5%; df=3)
Reading input tree file workdir/tmp/iqtree/B.1.177.treefile ...

NOTE: 13 MB RAM (0 GB) is required!
Estimate model parameters (epsilon = 0.010)
1. Initial log-likelihood: -43869.188
2. Current log-likelihood: -43810.631
3. Current log-likelihood: -43802.607
4. Current log-likelihood: -43793.252
5. Current log-likelihood: -43782.376
6. Current log-likelihood: -43762.085
7. Current log-likelihood: -43762.072
Optimal log-likelihood: -43762.072
Rate parameters:  A-C: 1.00000  A-G: 5.25651  A-T: 1.00000  C-G: 1.00000  C-T: 5.25651  G-T: 1.00000
Base frequencies:  A: 0.299  C: 0.184  G: 0.196  T: 0.321
Gamma shape alpha: 0.020
Parameters optimization took 7 rounds (1.213 sec)
BEST SCORE FOUND : -43762.072
Total tree length: 0.010

Total number of iterations: 0
CPU time used for tree search: 0.000 sec (0h:0m:0s)
Wall-clock time used for tree search: 0.000 sec (0h:0m:0s)
Total CPU time used: 1.202 sec (0h:0m:1s)
Total wall-clock time used: 1.254 sec (0h:0m:1s)

Analysis results written to: 
  IQ-TREE report:                workdir/tmp/lsd/B.1.177.iqtree
  Maximum-likelihood tree:       workdir/tmp/lsd/B.1.177.treefile
  Screen log file:               workdir/tmp/lsd/B.1.177.log

--- Start phylogenetic dating ---
Extracting date from node names...
114 dates extracted
Building time tree by least-square dating (LSD) with command:
lsd -i workdir/tmp/lsd/B.1.177.timetree.subst -s 29903 -o workdir/tmp/lsd/B.1.177.timetree -f 100 -q 0.4 -e 3 -g workdir/tmp/lsd/B.1.177.timetree.outgroup -d workdir/tmp/lsd/B.1.177.timetree.date -a b(2019.872,2019.98) -u 0 -t 0.0008 
Reroot the tree 1 using given outgroups ...

TREE 1
*PROCESSING:
Reading the tree ... 
Collapse 75 (over 113) internal branches having branch length <= 1.67e-05
 (settable via option -l)
Parameter to adjust variances was set to 0.000334 (settable via option -b)
Calculating the outlier nodes with Zscore threshold 3 (setable via option -e)...
Minimum branch length of time scaled tree was set to 0 (settable
 via option -u and -U)
Estimating the root position on the branch defined by given outgroups ...
Computing confidence intervals using sequence length 29903 and a lognormal
 relaxed clock with mean 1, standard deviation 0.4 (settable via option -q)
*WARNINGS:
- 66.3717% internal branches were collapsed.
- The estimated rate reaches the given lower bound. To change the lower bound, use option -t.
*RESULTS:
- The input dates associated with the following 1 nodes are considered as
 outliers, so the nodes were removed from the analysis:
 EPI_ISL_588591|2020-09-24
- Dating results:
 rate 0.0008, tMRCA 2019-12-11
- Results with confidence intervals:
 rate 0.0008 [0.0008; 0.00106054], tMRCA 2019-12-11 [2019-11-18; 2019-12-26]

TOTAL ELAPSED TIME: 0.0279 seconds
LSD results written to:
  LSD report:                  workdir/tmp/lsd/B.1.177.timetree.lsd
  Time tree in nexus format:   workdir/tmp/lsd/B.1.177.timetree.nex
  Time tree in newick format:  workdir/tmp/lsd/B.1.177.timetree.nwk

--- End phylogenetic dating ---
Date and Time: Wed Mar  3 21:29:30 2021
