IQ-TREE multicore version 2.0.6 for Linux 64-bit built May 30 2020
Developed by Bui Quang Minh, Nguyen Lam Tung, Olga Chernomor,
Heiko Schmidt, Dominik Schrempf, Michael Woodhams.

Host:    615a8d4baec8 (AVX2, FMA3, 1 GB RAM)
Command: /app/iqtree-2.0.6-Linux/bin/iqtree2 -s workdir/tmp/alignments/B.1.fasta -te workdir/tmp/iqtree/B.1.treefile -m HKY+F+G4 -keep-ident -o EPI_ISL_406798|2019-12-26 -ntmax 4 --date TAXNAME --date-ci 100 --date-outlier 3 --clock-sd 0.4 --date-options -a b(2019.872,2019.98) -u 0 -t 0.0008 -pre workdir/tmp/lsd/B.1
Seed:    125978 (Using SPRNG - Scalable Parallel Random Number Generator)
Time:    Wed Mar  3 21:29:33 2021
Kernel:  AVX+FMA - 1 threads (2 CPU cores detected)

HINT: Use -nt option to specify number of threads because your CPU has 2 cores!
HINT: -nt AUTO will automatically determine the best number of threads to use.

Reading alignment file workdir/tmp/alignments/B.1.fasta ... Fasta format detected
Alignment most likely contains DNA/RNA sequences
Alignment has 18 sequences with 29903 columns, 247 distinct patterns
44 parsimony-informative, 102 singleton sites, 29757 constant sites
                           Gap/Ambiguity  Composition  p-value
   1  EPI_ISL_402125|2019-12-26    0.00%    passed     99.46%
   2  EPI_ISL_406798|2019-12-26    0.12%    passed     99.76%
   3  EPI_ISL_516575|2020-08-04    0.23%    passed     99.97%
   4  EPI_ISL_516588|2020-08-04    0.80%    passed     99.24%
   5  EPI_ISL_560455|2020-09-07    0.83%    passed     99.82%
   6  EPI_ISL_560609|2020-08-02    0.40%    passed     99.98%
   7  EPI_ISL_569095|2020-08-17    2.30%    passed     98.61%
   8  EPI_ISL_581971|2020-08-18    1.97%    passed     99.82%
   9  EPI_ISL_601548|2020-09-18    8.50%    passed     94.69%
  10  EPI_ISL_603357|2020-09-26    0.23%    passed     99.96%
  11  EPI_ISL_603407|2020-09-30    0.23%    passed     99.95%
  12  EPI_ISL_644375|2020-08-27    5.55%    passed     98.74%
  13  EPI_ISL_730572|2020-08-26    0.04%    passed     99.68%
  14  EPI_ISL_730575|2020-09-20    0.42%    passed     99.68%
  15  EPI_ISL_744994|2020-09-26    0.41%    passed     99.97%
  16  EPI_ISL_830812|2020-09-20    3.09%    passed     99.61%
  17  EPI_ISL_960072|2020-08-10    0.31%    passed     99.98%
  18  EPI_ISL_969908|2020-09-02    3.84%    passed     99.94%
****  TOTAL                        1.63%  0 sequences failed composition chi2 test (p-value<5%; df=3)
Reading input tree file workdir/tmp/iqtree/B.1.treefile ...

NOTE: 0 MB RAM (0 GB) is required!
Estimate model parameters (epsilon = 0.010)
1. Initial log-likelihood: -42041.278
2. Current log-likelihood: -42023.073
3. Current log-likelihood: -42021.913
4. Current log-likelihood: -42020.692
5. Current log-likelihood: -42019.402
6. Current log-likelihood: -42018.037
7. Current log-likelihood: -42016.587
8. Current log-likelihood: -42015.045
9. Current log-likelihood: -42013.398
10. Current log-likelihood: -42011.636
11. Current log-likelihood: -42009.743
12. Current log-likelihood: -42007.708
13. Current log-likelihood: -42005.517
14. Current log-likelihood: -42003.162
15. Current log-likelihood: -42000.651
16. Current log-likelihood: -41998.021
17. Current log-likelihood: -41990.285
18. Current log-likelihood: -41990.226
Optimal log-likelihood: -41990.226
Rate parameters:  A-C: 1.00000  A-G: 5.40785  A-T: 1.00000  C-G: 1.00000  C-T: 5.40785  G-T: 1.00000
Base frequencies:  A: 0.299  C: 0.184  G: 0.196  T: 0.321
Gamma shape alpha: 0.020
Parameters optimization took 18 rounds (0.207 sec)
BEST SCORE FOUND : -41990.226
Total tree length: 0.005

Total number of iterations: 0
CPU time used for tree search: 0.000 sec (0h:0m:0s)
Wall-clock time used for tree search: 0.000 sec (0h:0m:0s)
Total CPU time used: 0.166 sec (0h:0m:0s)
Total wall-clock time used: 0.255 sec (0h:0m:0s)

Analysis results written to: 
  IQ-TREE report:                workdir/tmp/lsd/B.1.iqtree
  Maximum-likelihood tree:       workdir/tmp/lsd/B.1.treefile
  Screen log file:               workdir/tmp/lsd/B.1.log

--- Start phylogenetic dating ---
Extracting date from node names...
18 dates extracted
Building time tree by least-square dating (LSD) with command:
lsd -i workdir/tmp/lsd/B.1.timetree.subst -s 29903 -o workdir/tmp/lsd/B.1.timetree -f 100 -q 0.4 -e 3 -g workdir/tmp/lsd/B.1.timetree.outgroup -d workdir/tmp/lsd/B.1.timetree.date -a b(2019.872,2019.98) -u 0 -t 0.0008 
Reroot the tree 1 using given outgroups ...

TREE 1
*PROCESSING:
Reading the tree ... 
Collapse 7 (over 17) internal branches having branch length <= 1.67e-05
 (settable via option -l)
Parameter to adjust variances was set to 0.000334 (settable via option -b)
Calculating the outlier nodes with Zscore threshold 3 (setable via option -e)...
Minimum branch length of time scaled tree was set to 0 (settable
 via option -u and -U)
Estimating the root position on the branch defined by given outgroups ...
Computing confidence intervals using sequence length 29903 and a lognormal
 relaxed clock with mean 1, standard deviation 0.4 (settable via option -q)
*WARNINGS:
- 41.1765% internal branches were collapsed.
- The estimated rate reaches the given lower bound. To change the lower bound, use option -t.
*RESULTS:
- There is not any outlier date.
- Dating results:
 rate 0.0008, tMRCA 2019-12-11
- Results with confidence intervals:
 rate 0.0008 [0.0008; 0.00115635], tMRCA 2019-12-11 [2019-11-19; 2019-12-26]

TOTAL ELAPSED TIME: 0.00726 seconds
LSD results written to:
  LSD report:                  workdir/tmp/lsd/B.1.timetree.lsd
  Time tree in nexus format:   workdir/tmp/lsd/B.1.timetree.nex
  Time tree in newick format:  workdir/tmp/lsd/B.1.timetree.nwk

--- End phylogenetic dating ---
Date and Time: Wed Mar  3 21:29:33 2021
