IQ-TREE multicore version 2.0.6 for Linux 64-bit built May 30 2020
Developed by Bui Quang Minh, Nguyen Lam Tung, Olga Chernomor,
Heiko Schmidt, Dominik Schrempf, Michael Woodhams.

Host:    615a8d4baec8 (AVX2, FMA3, 1 GB RAM)
Command: /app/iqtree-2.0.6-Linux/bin/iqtree2 -s workdir/tmp/alignments/B.1.1.247.fasta -te workdir/tmp/iqtree/B.1.1.247.treefile -m HKY+F+G4 -keep-ident -o EPI_ISL_406798|2019-12-26 -ntmax 4 --date TAXNAME --date-ci 100 --date-outlier 3 --clock-sd 0.4 --date-options -a b(2019.872,2019.98) -u 0 -t 0.0008 -pre workdir/tmp/lsd/B.1.1.247
Seed:    533919 (Using SPRNG - Scalable Parallel Random Number Generator)
Time:    Wed Mar  3 21:29:23 2021
Kernel:  AVX+FMA - 1 threads (2 CPU cores detected)

HINT: Use -nt option to specify number of threads because your CPU has 2 cores!
HINT: -nt AUTO will automatically determine the best number of threads to use.

Reading alignment file workdir/tmp/alignments/B.1.1.247.fasta ... Fasta format detected
Alignment most likely contains DNA/RNA sequences
Alignment has 7 sequences with 29903 columns, 52 distinct patterns
11 parsimony-informative, 19 singleton sites, 29873 constant sites
                           Gap/Ambiguity  Composition  p-value
   1  EPI_ISL_402125|2019-12-26    0.00%    passed     99.89%
   2  EPI_ISL_406798|2019-12-26    0.12%    passed     99.98%
   3  EPI_ISL_516561|2020-08-02    0.21%    passed     99.95%
   4  EPI_ISL_539579|2020-08-28    0.45%    passed     99.94%
   5  EPI_ISL_560549|2020-09-08    0.22%    passed     99.92%
   6  EPI_ISL_591188|2020-08-23    1.76%    passed     99.97%
   7  EPI_ISL_710564|2020-09-19    0.00%    passed     99.83%
****  TOTAL                        0.40%  0 sequences failed composition chi2 test (p-value<5%; df=3)
Reading input tree file workdir/tmp/iqtree/B.1.1.247.treefile ...

NOTE: 0 MB RAM (0 GB) is required!
Estimate model parameters (epsilon = 0.010)
1. Initial log-likelihood: -40887.683
2. Current log-likelihood: -40880.758
3. Current log-likelihood: -40880.618
4. Current log-likelihood: -40880.477
5. Current log-likelihood: -40880.335
6. Current log-likelihood: -40880.194
7. Current log-likelihood: -40880.052
8. Current log-likelihood: -40879.912
9. Current log-likelihood: -40879.774
10. Current log-likelihood: -40879.638
11. Current log-likelihood: -40879.507
12. Current log-likelihood: -40879.381
13. Current log-likelihood: -40879.262
14. Current log-likelihood: -40879.151
15. Current log-likelihood: -40879.049
16. Current log-likelihood: -40878.957
17. Current log-likelihood: -40878.878
18. Current log-likelihood: -40878.810
19. Current log-likelihood: -40878.754
20. Current log-likelihood: -40878.709
21. Current log-likelihood: -40878.675
22. Current log-likelihood: -40878.650
23. Current log-likelihood: -40878.632
24. Current log-likelihood: -40878.620
Optimal log-likelihood: -40878.612
Rate parameters:  A-C: 1.00000  A-G: 5.28700  A-T: 1.00000  C-G: 1.00000  C-T: 5.28700  G-T: 1.00000
Base frequencies:  A: 0.299  C: 0.184  G: 0.196  T: 0.321
Gamma shape alpha: 998.448
Parameters optimization took 24 rounds (0.045 sec)
BEST SCORE FOUND : -40878.612
Total tree length: 0.001

Total number of iterations: 0
CPU time used for tree search: 0.000 sec (0h:0m:0s)
Wall-clock time used for tree search: 0.000 sec (0h:0m:0s)
Total CPU time used: 0.021 sec (0h:0m:0s)
Total wall-clock time used: 0.079 sec (0h:0m:0s)

Analysis results written to: 
  IQ-TREE report:                workdir/tmp/lsd/B.1.1.247.iqtree
  Maximum-likelihood tree:       workdir/tmp/lsd/B.1.1.247.treefile
  Screen log file:               workdir/tmp/lsd/B.1.1.247.log

--- Start phylogenetic dating ---
Extracting date from node names...
7 dates extracted
Building time tree by least-square dating (LSD) with command:
lsd -i workdir/tmp/lsd/B.1.1.247.timetree.subst -s 29903 -o workdir/tmp/lsd/B.1.1.247.timetree -f 100 -q 0.4 -e 3 -g workdir/tmp/lsd/B.1.1.247.timetree.outgroup -d workdir/tmp/lsd/B.1.1.247.timetree.date -a b(2019.872,2019.98) -u 0 -t 0.0008 
Reroot the tree 1 using given outgroups ...

TREE 1
*PROCESSING:
Reading the tree ... 
Collapse 1 (over 6) internal branches having branch length <= 1.67e-05
 (settable via option -l)
Parameter to adjust variances was set to 0.000334 (settable via option -b)
Calculating the outlier nodes with Zscore threshold 3 (setable via option -e)...
Minimum branch length of time scaled tree was set to 0 (settable
 via option -u and -U)
Estimating the root position on the branch defined by given outgroups ...
Computing confidence intervals using sequence length 29903 and a lognormal
 relaxed clock with mean 1, standard deviation 0.4 (settable via option -q)
*WARNINGS:
- 16.6667% internal branches were collapsed.
- The estimated rate reaches the given lower bound. To change the lower bound, use option -t.
*RESULTS:
- There is not any outlier date.
- Dating results:
 rate 0.0008, tMRCA 2019-12-11
- Results with confidence intervals:
 rate 0.0008 [0.0008; 0.00122034], tMRCA 2019-12-11 [2019-11-16; 2019-12-26]

TOTAL ELAPSED TIME: 0.00276 seconds
LSD results written to:
  LSD report:                  workdir/tmp/lsd/B.1.1.247.timetree.lsd
  Time tree in nexus format:   workdir/tmp/lsd/B.1.1.247.timetree.nex
  Time tree in newick format:  workdir/tmp/lsd/B.1.1.247.timetree.nwk

--- End phylogenetic dating ---
Date and Time: Wed Mar  3 21:29:23 2021
