IQ-TREE multicore version 2.0.6 for Linux 64-bit built May 30 2020
Developed by Bui Quang Minh, Nguyen Lam Tung, Olga Chernomor,
Heiko Schmidt, Dominik Schrempf, Michael Woodhams.

Host:    615a8d4baec8 (AVX2, FMA3, 1 GB RAM)
Command: /app/iqtree-2.0.6-Linux/bin/iqtree2 -s workdir/tmp/alignments/B.1.258.9.fasta -te workdir/tmp/iqtree/B.1.258.9.treefile -m HKY+F+G4 -keep-ident -o EPI_ISL_406798|2019-12-26 -ntmax 4 --date TAXNAME --date-ci 100 --date-outlier 3 --clock-sd 0.4 --date-options -a b(2019.872,2019.98) -u 0 -t 0.0008 -pre workdir/tmp/lsd/B.1.258.9
Seed:    89668 (Using SPRNG - Scalable Parallel Random Number Generator)
Time:    Wed Mar  3 21:29:31 2021
Kernel:  AVX+FMA - 1 threads (2 CPU cores detected)

HINT: Use -nt option to specify number of threads because your CPU has 2 cores!
HINT: -nt AUTO will automatically determine the best number of threads to use.

Reading alignment file workdir/tmp/alignments/B.1.258.9.fasta ... Fasta format detected
Alignment most likely contains DNA/RNA sequences
Alignment has 4 sequences with 29903 columns, 30 distinct patterns
17 parsimony-informative, 6 singleton sites, 29880 constant sites
                           Gap/Ambiguity  Composition  p-value
   1  EPI_ISL_402125|2019-12-26    0.00%    passed     99.99%
   2  EPI_ISL_406798|2019-12-26    0.12%    passed     99.97%
   3  EPI_ISL_603354|2020-09-25    0.25%    passed     99.59%
   4  EPI_ISL_615688|2020-09-07    7.61%    passed     99.13%
****  TOTAL                        2.00%  0 sequences failed composition chi2 test (p-value<5%; df=3)
Reading input tree file workdir/tmp/iqtree/B.1.258.9.treefile ...

NOTE: 0 MB RAM (0 GB) is required!
Estimate model parameters (epsilon = 0.010)
1. Initial log-likelihood: -40789.347
2. Current log-likelihood: -40787.079
3. Current log-likelihood: -40786.806
4. Current log-likelihood: -40786.536
5. Current log-likelihood: -40786.275
6. Current log-likelihood: -40786.030
7. Current log-likelihood: -40785.812
8. Current log-likelihood: -40785.631
9. Current log-likelihood: -40785.495
10. Current log-likelihood: -40785.405
11. Current log-likelihood: -40785.354
12. Current log-likelihood: -40785.330
Optimal log-likelihood: -40785.321
Rate parameters:  A-C: 1.00000  A-G: 3.43837  A-T: 1.00000  C-G: 1.00000  C-T: 3.43837  G-T: 1.00000
Base frequencies:  A: 0.299  C: 0.184  G: 0.196  T: 0.321
Gamma shape alpha: 998.448
Parameters optimization took 12 rounds (0.021 sec)
BEST SCORE FOUND : -40785.321
Total tree length: 0.001

Total number of iterations: 0
CPU time used for tree search: 0.000 sec (0h:0m:0s)
Wall-clock time used for tree search: 0.000 sec (0h:0m:0s)
Total CPU time used: 0.010 sec (0h:0m:0s)
Total wall-clock time used: 0.052 sec (0h:0m:0s)

Analysis results written to: 
  IQ-TREE report:                workdir/tmp/lsd/B.1.258.9.iqtree
  Maximum-likelihood tree:       workdir/tmp/lsd/B.1.258.9.treefile
  Screen log file:               workdir/tmp/lsd/B.1.258.9.log

--- Start phylogenetic dating ---
Extracting date from node names...
4 dates extracted
Building time tree by least-square dating (LSD) with command:
lsd -i workdir/tmp/lsd/B.1.258.9.timetree.subst -s 29903 -o workdir/tmp/lsd/B.1.258.9.timetree -f 100 -q 0.4 -e 3 -g workdir/tmp/lsd/B.1.258.9.timetree.outgroup -d workdir/tmp/lsd/B.1.258.9.timetree.date -a b(2019.872,2019.98) -u 0 -t 0.0008 
Reroot the tree 1 using given outgroups ...

TREE 1
*PROCESSING:
Reading the tree ... 
Collapse 0 (over 3) internal branches having branch length <= 1.67e-05
 (settable via option -l)
Parameter to adjust variances was set to 0.000334 (settable via option -b)
Calculating the outlier nodes with Zscore threshold 3 (setable via option -e)...
Minimum branch length of time scaled tree was set to 0 (settable
 via option -u and -U)
Estimating the root position on the branch defined by given outgroups ...
Computing confidence intervals using sequence length 29903 and a lognormal
 relaxed clock with mean 1, standard deviation 0.4 (settable via option -q)
*RESULTS:
- There is not any outlier date.
- Dating results:
 rate 0.000916787, tMRCA 2019-12-12
- Results with confidence intervals:
 rate 0.000916787 [0.0008; 0.0016521], tMRCA 2019-12-12 [2019-11-16; 2019-12-26]

TOTAL ELAPSED TIME: 0.00199 seconds
LSD results written to:
  LSD report:                  workdir/tmp/lsd/B.1.258.9.timetree.lsd
  Time tree in nexus format:   workdir/tmp/lsd/B.1.258.9.timetree.nex
  Time tree in newick format:  workdir/tmp/lsd/B.1.258.9.timetree.nwk

--- End phylogenetic dating ---
Date and Time: Wed Mar  3 21:29:31 2021
