IQ-TREE multicore version 2.0.6 for Linux 64-bit built May 30 2020
Developed by Bui Quang Minh, Nguyen Lam Tung, Olga Chernomor,
Heiko Schmidt, Dominik Schrempf, Michael Woodhams.

Host:    615a8d4baec8 (AVX2, FMA3, 1 GB RAM)
Command: /app/iqtree-2.0.6-Linux/bin/iqtree2 -s workdir/tmp/alignments/B.1.1.1.fasta -te workdir/tmp/iqtree/B.1.1.1.treefile -m HKY+F+G4 -keep-ident -o EPI_ISL_406798|2019-12-26 -ntmax 4 --date TAXNAME --date-ci 100 --date-outlier 3 --clock-sd 0.4 --date-options -a b(2019.872,2019.98) -u 0 -t 0.0008 -pre workdir/tmp/lsd/B.1.1.1
Seed:    759431 (Using SPRNG - Scalable Parallel Random Number Generator)
Time:    Wed Mar  3 21:29:22 2021
Kernel:  AVX+FMA - 1 threads (2 CPU cores detected)

HINT: Use -nt option to specify number of threads because your CPU has 2 cores!
HINT: -nt AUTO will automatically determine the best number of threads to use.

Reading alignment file workdir/tmp/alignments/B.1.1.1.fasta ... Fasta format detected
Alignment most likely contains DNA/RNA sequences
Alignment has 12 sequences with 29903 columns, 116 distinct patterns
19 parsimony-informative, 58 singleton sites, 29826 constant sites
                            Gap/Ambiguity  Composition  p-value
   1  EPI_ISL_1015284|2020-08-17    0.12%    passed     99.98%
   2  EPI_ISL_402125|2019-12-26     0.00%    passed     99.64%
   3  EPI_ISL_406798|2019-12-26     0.12%    passed     99.84%
   4  EPI_ISL_541524|2020-08-28     0.24%    passed     99.99%
   5  EPI_ISL_583892|2020-08-03     0.40%    passed     99.97%
   6  EPI_ISL_603344|2020-09-25     0.25%    passed     99.97%
   7  EPI_ISL_603388|2020-09-29     0.24%    passed     99.99%
   8  EPI_ISL_609989|2020-08-17     0.21%    passed     99.97%
   9  EPI_ISL_687832|2020-08        0.46%    passed     99.94%
  10  EPI_ISL_746656|2020-08-18     0.48%    passed     99.97%
  11  EPI_ISL_837255|2020-09-15     0.07%    passed     99.64%
  12  EPI_ISL_856694|2020-09-16     1.63%    passed     99.98%
****  TOTAL                         0.35%  0 sequences failed composition chi2 test (p-value<5%; df=3)
Reading input tree file workdir/tmp/iqtree/B.1.1.1.treefile ...

NOTE: 0 MB RAM (0 GB) is required!
Estimate model parameters (epsilon = 0.010)
1. Initial log-likelihood: -41387.291
2. Current log-likelihood: -41374.282
3. Current log-likelihood: -41374.042
4. Current log-likelihood: -41373.796
5. Current log-likelihood: -41373.545
6. Current log-likelihood: -41373.288
7. Current log-likelihood: -41373.026
8. Current log-likelihood: -41372.757
9. Current log-likelihood: -41372.482
10. Current log-likelihood: -41372.199
11. Current log-likelihood: -41371.910
12. Current log-likelihood: -41371.614
13. Current log-likelihood: -41371.310
14. Current log-likelihood: -41370.997
15. Current log-likelihood: -41370.676
16. Current log-likelihood: -41370.347
17. Current log-likelihood: -41370.008
18. Current log-likelihood: -41369.659
19. Current log-likelihood: -41369.299
20. Current log-likelihood: -41368.929
21. Current log-likelihood: -41368.548
22. Current log-likelihood: -41368.155
23. Current log-likelihood: -41367.749
24. Current log-likelihood: -41367.330
25. Current log-likelihood: -41366.898
26. Current log-likelihood: -41366.451
27. Current log-likelihood: -41365.990
28. Current log-likelihood: -41365.513
29. Current log-likelihood: -41365.021
30. Current log-likelihood: -41364.513
31. Current log-likelihood: -41363.990
32. Current log-likelihood: -41363.451
33. Current log-likelihood: -41362.898
34. Current log-likelihood: -41362.333
35. Current log-likelihood: -41361.759
36. Current log-likelihood: -41361.180
37. Current log-likelihood: -41357.567
38. Current log-likelihood: -41357.474
39. Current log-likelihood: -41357.428
40. Current log-likelihood: -41357.408
Optimal log-likelihood: -41357.400
Rate parameters:  A-C: 1.00000  A-G: 6.00687  A-T: 1.00000  C-G: 1.00000  C-T: 6.00687  G-T: 1.00000
Base frequencies:  A: 0.299  C: 0.184  G: 0.196  T: 0.321
Gamma shape alpha: 0.020
Parameters optimization took 40 rounds (0.163 sec)
BEST SCORE FOUND : -41357.400
Total tree length: 0.003

Total number of iterations: 0
CPU time used for tree search: 0.000 sec (0h:0m:0s)
Wall-clock time used for tree search: 0.000 sec (0h:0m:0s)
Total CPU time used: 0.107 sec (0h:0m:0s)
Total wall-clock time used: 0.201 sec (0h:0m:0s)

Analysis results written to: 
  IQ-TREE report:                workdir/tmp/lsd/B.1.1.1.iqtree
  Maximum-likelihood tree:       workdir/tmp/lsd/B.1.1.1.treefile
  Screen log file:               workdir/tmp/lsd/B.1.1.1.log

--- Start phylogenetic dating ---
Extracting date from node names...
12 dates extracted
Building time tree by least-square dating (LSD) with command:
lsd -i workdir/tmp/lsd/B.1.1.1.timetree.subst -s 29903 -o workdir/tmp/lsd/B.1.1.1.timetree -f 100 -q 0.4 -e 3 -g workdir/tmp/lsd/B.1.1.1.timetree.outgroup -d workdir/tmp/lsd/B.1.1.1.timetree.date -a b(2019.872,2019.98) -u 0 -t 0.0008 
Reroot the tree 1 using given outgroups ...

TREE 1
*PROCESSING:
Reading the tree ... 
Collapse 3 (over 11) internal branches having branch length <= 1.67e-05
 (settable via option -l)
Parameter to adjust variances was set to 0.000334 (settable via option -b)
Calculating the outlier nodes with Zscore threshold 3 (setable via option -e)...
Minimum branch length of time scaled tree was set to 0 (settable
 via option -u and -U)
Estimating the root position on the branch defined by given outgroups ...
Computing confidence intervals using sequence length 29903 and a lognormal
 relaxed clock with mean 1, standard deviation 0.4 (settable via option -q)
*WARNINGS:
- 27.2727% internal branches were collapsed.
*RESULTS:
- There is not any outlier date.
- Dating results:
 rate 0.000857599, tMRCA 2019-12-08
- Results with confidence intervals:
 rate 0.000857599 [0.0008; 0.00131134], tMRCA 2019-12-08 [2019-11-14; 2019-12-26]

TOTAL ELAPSED TIME: 0.00667 seconds
LSD results written to:
  LSD report:                  workdir/tmp/lsd/B.1.1.1.timetree.lsd
  Time tree in nexus format:   workdir/tmp/lsd/B.1.1.1.timetree.nex
  Time tree in newick format:  workdir/tmp/lsd/B.1.1.1.timetree.nwk

--- End phylogenetic dating ---
Date and Time: Wed Mar  3 21:29:23 2021
