IQ-TREE multicore version 2.0.6 for Linux 64-bit built May 30 2020
Developed by Bui Quang Minh, Nguyen Lam Tung, Olga Chernomor,
Heiko Schmidt, Dominik Schrempf, Michael Woodhams.

Host:    615a8d4baec8 (AVX2, FMA3, 1 GB RAM)
Command: /app/iqtree-2.0.6-Linux/bin/iqtree2 -s workdir/tmp/alignments/B.1.1.54.fasta -te workdir/tmp/iqtree/B.1.1.54.treefile -m HKY+F+G4 -keep-ident -o EPI_ISL_406798|2019-12-26 -ntmax 4 --date TAXNAME --date-ci 100 --date-outlier 3 --clock-sd 0.4 --date-options -a b(2019.872,2019.98) -u 0 -t 0.0008 -pre workdir/tmp/lsd/B.1.1.54
Seed:    56389 (Using SPRNG - Scalable Parallel Random Number Generator)
Time:    Wed Mar  3 21:29:26 2021
Kernel:  AVX+FMA - 1 threads (2 CPU cores detected)

HINT: Use -nt option to specify number of threads because your CPU has 2 cores!
HINT: -nt AUTO will automatically determine the best number of threads to use.

Reading alignment file workdir/tmp/alignments/B.1.1.54.fasta ... Fasta format detected
Alignment most likely contains DNA/RNA sequences
Alignment has 5 sequences with 29903 columns, 46 distinct patterns
7 parsimony-informative, 27 singleton sites, 29869 constant sites
                           Gap/Ambiguity  Composition  p-value
   1  EPI_ISL_402125|2019-12-26    0.00%    passed     99.66%
   2  EPI_ISL_406798|2019-12-26    0.12%    passed     99.80%
   3  EPI_ISL_541449|2020-09-03    0.24%    passed     99.96%
   4  EPI_ISL_602925|2020-09-29    6.67%    passed     98.70%
   5  EPI_ISL_603394|2020-09-30    0.18%    passed     99.94%
****  TOTAL                        1.44%  0 sequences failed composition chi2 test (p-value<5%; df=3)
Reading input tree file workdir/tmp/iqtree/B.1.1.54.treefile ...

NOTE: 0 MB RAM (0 GB) is required!
Estimate model parameters (epsilon = 0.010)
1. Initial log-likelihood: -40911.560
2. Current log-likelihood: -40906.000
3. Current log-likelihood: -40905.766
4. Current log-likelihood: -40905.526
5. Current log-likelihood: -40905.282
6. Current log-likelihood: -40905.033
7. Current log-likelihood: -40904.781
8. Current log-likelihood: -40904.527
9. Current log-likelihood: -40903.500
10. Current log-likelihood: -40903.285
11. Current log-likelihood: -40903.090
12. Current log-likelihood: -40902.922
13. Current log-likelihood: -40902.785
14. Current log-likelihood: -40902.680
15. Current log-likelihood: -40902.606
16. Current log-likelihood: -40902.558
17. Current log-likelihood: -40902.529
18. Current log-likelihood: -40902.514
Optimal log-likelihood: -40902.507
Rate parameters:  A-C: 1.00000  A-G: 4.62726  A-T: 1.00000  C-G: 1.00000  C-T: 4.62726  G-T: 1.00000
Base frequencies:  A: 0.299  C: 0.184  G: 0.196  T: 0.321
Gamma shape alpha: 998.448
Parameters optimization took 18 rounds (0.033 sec)
BEST SCORE FOUND : -40902.507
Total tree length: 0.001

Total number of iterations: 0
CPU time used for tree search: 0.000 sec (0h:0m:0s)
Wall-clock time used for tree search: 0.000 sec (0h:0m:0s)
Total CPU time used: 0.013 sec (0h:0m:0s)
Total wall-clock time used: 0.068 sec (0h:0m:0s)

Analysis results written to: 
  IQ-TREE report:                workdir/tmp/lsd/B.1.1.54.iqtree
  Maximum-likelihood tree:       workdir/tmp/lsd/B.1.1.54.treefile
  Screen log file:               workdir/tmp/lsd/B.1.1.54.log

--- Start phylogenetic dating ---
Extracting date from node names...
5 dates extracted
Building time tree by least-square dating (LSD) with command:
lsd -i workdir/tmp/lsd/B.1.1.54.timetree.subst -s 29903 -o workdir/tmp/lsd/B.1.1.54.timetree -f 100 -q 0.4 -e 3 -g workdir/tmp/lsd/B.1.1.54.timetree.outgroup -d workdir/tmp/lsd/B.1.1.54.timetree.date -a b(2019.872,2019.98) -u 0 -t 0.0008 
Reroot the tree 1 using given outgroups ...

TREE 1
*PROCESSING:
Reading the tree ... 
Collapse 1 (over 4) internal branches having branch length <= 1.67e-05
 (settable via option -l)
Parameter to adjust variances was set to 0.000334 (settable via option -b)
Calculating the outlier nodes with Zscore threshold 3 (setable via option -e)...
Minimum branch length of time scaled tree was set to 0 (settable
 via option -u and -U)
Estimating the root position on the branch defined by given outgroups ...
Computing confidence intervals using sequence length 29903 and a lognormal
 relaxed clock with mean 1, standard deviation 0.4 (settable via option -q)
*WARNINGS:
- 25% internal branches were collapsed.
- The estimated rate reaches the given lower bound. To change the lower bound, use option -t.
*RESULTS:
- There is not any outlier date.
- Dating results:
 rate 0.0008, tMRCA 2019-12-11
- Results with confidence intervals:
 rate 0.0008 [0.0008; 0.0013351], tMRCA 2019-12-11 [2019-11-17; 2019-12-26]

TOTAL ELAPSED TIME: 0.00201 seconds
LSD results written to:
  LSD report:                  workdir/tmp/lsd/B.1.1.54.timetree.lsd
  Time tree in nexus format:   workdir/tmp/lsd/B.1.1.54.timetree.nex
  Time tree in newick format:  workdir/tmp/lsd/B.1.1.54.timetree.nwk

--- End phylogenetic dating ---
Date and Time: Wed Mar  3 21:29:26 2021
