IQ-TREE multicore version 2.0.6 for Linux 64-bit built May 30 2020
Developed by Bui Quang Minh, Nguyen Lam Tung, Olga Chernomor,
Heiko Schmidt, Dominik Schrempf, Michael Woodhams.

Host:    615a8d4baec8 (AVX2, FMA3, 1 GB RAM)
Command: /app/iqtree-2.0.6-Linux/bin/iqtree2 -s workdir/tmp/alignments/B.1.1.37.fasta -te workdir/tmp/iqtree/B.1.1.37.treefile -m HKY+F+G4 -keep-ident -o EPI_ISL_406798|2019-12-26 -ntmax 4 --date TAXNAME --date-ci 100 --date-outlier 3 --clock-sd 0.4 --date-options -a b(2019.872,2019.98) -u 0 -t 0.0008 -pre workdir/tmp/lsd/B.1.1.37
Seed:    715314 (Using SPRNG - Scalable Parallel Random Number Generator)
Time:    Wed Mar  3 21:29:24 2021
Kernel:  AVX+FMA - 1 threads (2 CPU cores detected)

HINT: Use -nt option to specify number of threads because your CPU has 2 cores!
HINT: -nt AUTO will automatically determine the best number of threads to use.

Reading alignment file workdir/tmp/alignments/B.1.1.37.fasta ... Fasta format detected
Alignment most likely contains DNA/RNA sequences
Alignment has 7 sequences with 29903 columns, 54 distinct patterns
20 parsimony-informative, 5 singleton sites, 29878 constant sites
                           Gap/Ambiguity  Composition  p-value
   1  EPI_ISL_402125|2019-12-26    0.00%    passed     99.50%
   2  EPI_ISL_406798|2019-12-26    0.12%    passed     99.74%
   3  EPI_ISL_541525|2020-08-28    0.23%    passed     99.89%
   4  EPI_ISL_541531|2020-08-29    0.23%    passed     99.90%
   5  EPI_ISL_566694|2020-09-07    3.69%    passed     98.67%
   6  EPI_ISL_576886|2020-09-04    6.67%    passed     95.26%
   7  EPI_ISL_830807|2020-09-16    1.77%    passed     99.62%
****  TOTAL                        1.82%  0 sequences failed composition chi2 test (p-value<5%; df=3)
Reading input tree file workdir/tmp/iqtree/B.1.1.37.treefile ...

NOTE: 0 MB RAM (0 GB) is required!
Estimate model parameters (epsilon = 0.010)
1. Initial log-likelihood: -40828.306
2. Current log-likelihood: -40821.013
3. Current log-likelihood: -40820.941
4. Current log-likelihood: -40820.870
5. Current log-likelihood: -40820.800
6. Current log-likelihood: -40820.731
7. Current log-likelihood: -40820.663
8. Current log-likelihood: -40820.597
9. Current log-likelihood: -40820.533
10. Current log-likelihood: -40820.471
11. Current log-likelihood: -40820.411
12. Current log-likelihood: -40820.355
13. Current log-likelihood: -40820.301
14. Current log-likelihood: -40820.251
15. Current log-likelihood: -40820.205
16. Current log-likelihood: -40820.162
17. Current log-likelihood: -40820.123
18. Current log-likelihood: -40820.089
19. Current log-likelihood: -40820.058
20. Current log-likelihood: -40820.031
21. Current log-likelihood: -40820.008
22. Current log-likelihood: -40819.989
23. Current log-likelihood: -40819.973
24. Current log-likelihood: -40819.960
25. Current log-likelihood: -40819.949
Optimal log-likelihood: -40819.941
Rate parameters:  A-C: 1.00000  A-G: 6.06081  A-T: 1.00000  C-G: 1.00000  C-T: 6.06081  G-T: 1.00000
Base frequencies:  A: 0.299  C: 0.183  G: 0.196  T: 0.321
Gamma shape alpha: 998.448
Parameters optimization took 25 rounds (0.059 sec)
BEST SCORE FOUND : -40819.941
Total tree length: 0.001

Total number of iterations: 0
CPU time used for tree search: 0.000 sec (0h:0m:0s)
Wall-clock time used for tree search: 0.000 sec (0h:0m:0s)
Total CPU time used: 0.026 sec (0h:0m:0s)
Total wall-clock time used: 0.105 sec (0h:0m:0s)

Analysis results written to: 
  IQ-TREE report:                workdir/tmp/lsd/B.1.1.37.iqtree
  Maximum-likelihood tree:       workdir/tmp/lsd/B.1.1.37.treefile
  Screen log file:               workdir/tmp/lsd/B.1.1.37.log

--- Start phylogenetic dating ---
Extracting date from node names...
7 dates extracted
Building time tree by least-square dating (LSD) with command:
lsd -i workdir/tmp/lsd/B.1.1.37.timetree.subst -s 29903 -o workdir/tmp/lsd/B.1.1.37.timetree -f 100 -q 0.4 -e 3 -g workdir/tmp/lsd/B.1.1.37.timetree.outgroup -d workdir/tmp/lsd/B.1.1.37.timetree.date -a b(2019.872,2019.98) -u 0 -t 0.0008 
Reroot the tree 1 using given outgroups ...

TREE 1
*PROCESSING:
Reading the tree ... 
Collapse 1 (over 6) internal branches having branch length <= 1.67e-05
 (settable via option -l)
Parameter to adjust variances was set to 0.000334 (settable via option -b)
Calculating the outlier nodes with Zscore threshold 3 (setable via option -e)...
Minimum branch length of time scaled tree was set to 0 (settable
 via option -u and -U)
Estimating the root position on the branch defined by given outgroups ...
Computing confidence intervals using sequence length 29903 and a lognormal
 relaxed clock with mean 1, standard deviation 0.4 (settable via option -q)
*WARNINGS:
- 16.6667% internal branches were collapsed.
- The estimated rate reaches the given lower bound. To change the lower bound, use option -t.
*RESULTS:
- There is not any outlier date.
- Dating results:
 rate 0.0008, tMRCA 2019-12-11
- Results with confidence intervals:
 rate 0.0008 [0.0008; 0.00122531], tMRCA 2019-12-11 [2019-11-14; 2019-12-26]

TOTAL ELAPSED TIME: 0.00377 seconds
LSD results written to:
  LSD report:                  workdir/tmp/lsd/B.1.1.37.timetree.lsd
  Time tree in nexus format:   workdir/tmp/lsd/B.1.1.37.timetree.nex
  Time tree in newick format:  workdir/tmp/lsd/B.1.1.37.timetree.nwk

--- End phylogenetic dating ---
Date and Time: Wed Mar  3 21:29:25 2021
