IQ-TREE multicore version 2.0.6 for Linux 64-bit built May 30 2020
Developed by Bui Quang Minh, Nguyen Lam Tung, Olga Chernomor,
Heiko Schmidt, Dominik Schrempf, Michael Woodhams.

Host:    615a8d4baec8 (AVX2, FMA3, 1 GB RAM)
Command: /app/iqtree-2.0.6-Linux/bin/iqtree2 -s workdir/tmp/alignments/B.1.416.1.fasta -te workdir/tmp/iqtree/B.1.416.1.treefile -m HKY+F+G4 -keep-ident -o EPI_ISL_406798|2019-12-26 -ntmax 4 --date TAXNAME --date-ci 100 --date-outlier 3 --clock-sd 0.4 --date-options -a b(2019.872,2019.98) -u 0 -t 0.0008 -pre workdir/tmp/lsd/B.1.416.1
Seed:    708810 (Using SPRNG - Scalable Parallel Random Number Generator)
Time:    Wed Mar  3 21:29:32 2021
Kernel:  AVX+FMA - 1 threads (2 CPU cores detected)

HINT: Use -nt option to specify number of threads because your CPU has 2 cores!
HINT: -nt AUTO will automatically determine the best number of threads to use.

Reading alignment file workdir/tmp/alignments/B.1.416.1.fasta ... Fasta format detected
Alignment most likely contains DNA/RNA sequences
Alignment has 12 sequences with 29903 columns, 65 distinct patterns
17 parsimony-informative, 18 singleton sites, 29868 constant sites
                           Gap/Ambiguity  Composition  p-value
   1  EPI_ISL_402125|2019-12-26    0.00%    passed     99.38%
   2  EPI_ISL_406798|2019-12-26    0.12%    passed     99.73%
   3  EPI_ISL_535605|2020-08-19    1.92%    passed     99.23%
   4  EPI_ISL_560428|2020-09-10    0.23%    passed     99.98%
   5  EPI_ISL_560493|2020-09-07    0.22%    passed     99.98%
   6  EPI_ISL_581257|2020-09-21    0.41%    passed     99.98%
   7  EPI_ISL_584859|2020-09-24    0.40%    passed     99.95%
   8  EPI_ISL_589925|2020-09-16    0.40%    passed     99.96%
   9  EPI_ISL_603311|2020-10-01    0.23%    passed     99.98%
  10  EPI_ISL_603332|2020-09-25    0.23%    passed     99.99%
  11  EPI_ISL_603360|2020-09-29    0.23%    passed     99.99%
  12  EPI_ISL_626583|2020-09-15    0.56%    passed     99.98%
****  TOTAL                        0.41%  0 sequences failed composition chi2 test (p-value<5%; df=3)
Reading input tree file workdir/tmp/iqtree/B.1.416.1.treefile ...

NOTE: 0 MB RAM (0 GB) is required!
Estimate model parameters (epsilon = 0.010)
1. Initial log-likelihood: -40953.447
2. Current log-likelihood: -40940.292
3. Current log-likelihood: -40940.234
4. Current log-likelihood: -40940.175
5. Current log-likelihood: -40940.116
6. Current log-likelihood: -40940.056
7. Current log-likelihood: -40939.997
8. Current log-likelihood: -40939.937
9. Current log-likelihood: -40939.878
10. Current log-likelihood: -40939.819
11. Current log-likelihood: -40939.759
12. Current log-likelihood: -40939.700
13. Current log-likelihood: -40939.641
14. Current log-likelihood: -40939.582
15. Current log-likelihood: -40939.524
16. Current log-likelihood: -40939.466
17. Current log-likelihood: -40939.409
18. Current log-likelihood: -40939.353
19. Current log-likelihood: -40939.297
20. Current log-likelihood: -40939.242
21. Current log-likelihood: -40939.188
22. Current log-likelihood: -40939.136
23. Current log-likelihood: -40939.084
24. Current log-likelihood: -40939.034
25. Current log-likelihood: -40938.985
26. Current log-likelihood: -40938.938
27. Current log-likelihood: -40938.893
28. Current log-likelihood: -40938.850
29. Current log-likelihood: -40938.808
30. Current log-likelihood: -40938.769
31. Current log-likelihood: -40938.731
32. Current log-likelihood: -40938.696
33. Current log-likelihood: -40938.664
34. Current log-likelihood: -40938.633
35. Current log-likelihood: -40938.605
36. Current log-likelihood: -40938.579
37. Current log-likelihood: -40938.556
38. Current log-likelihood: -40938.534
39. Current log-likelihood: -40938.515
40. Current log-likelihood: -40938.498
41. Current log-likelihood: -40938.483
42. Current log-likelihood: -40938.470
43. Current log-likelihood: -40938.458
Optimal log-likelihood: -40938.449
Rate parameters:  A-C: 1.00000  A-G: 8.16050  A-T: 1.00000  C-G: 1.00000  C-T: 8.16050  G-T: 1.00000
Base frequencies:  A: 0.299  C: 0.184  G: 0.196  T: 0.321
Gamma shape alpha: 998.448
Parameters optimization took 43 rounds (0.110 sec)
BEST SCORE FOUND : -40938.449
Total tree length: 0.001

Total number of iterations: 0
CPU time used for tree search: 0.000 sec (0h:0m:0s)
Wall-clock time used for tree search: 0.000 sec (0h:0m:0s)
Total CPU time used: 0.045 sec (0h:0m:0s)
Total wall-clock time used: 0.151 sec (0h:0m:0s)

Analysis results written to: 
  IQ-TREE report:                workdir/tmp/lsd/B.1.416.1.iqtree
  Maximum-likelihood tree:       workdir/tmp/lsd/B.1.416.1.treefile
  Screen log file:               workdir/tmp/lsd/B.1.416.1.log

--- Start phylogenetic dating ---
Extracting date from node names...
12 dates extracted
Building time tree by least-square dating (LSD) with command:
lsd -i workdir/tmp/lsd/B.1.416.1.timetree.subst -s 29903 -o workdir/tmp/lsd/B.1.416.1.timetree -f 100 -q 0.4 -e 3 -g workdir/tmp/lsd/B.1.416.1.timetree.outgroup -d workdir/tmp/lsd/B.1.416.1.timetree.date -a b(2019.872,2019.98) -u 0 -t 0.0008 
Reroot the tree 1 using given outgroups ...

TREE 1
*PROCESSING:
Reading the tree ... 
Collapse 3 (over 11) internal branches having branch length <= 1.67e-05
 (settable via option -l)
Parameter to adjust variances was set to 0.000334 (settable via option -b)
Calculating the outlier nodes with Zscore threshold 3 (setable via option -e)...
Minimum branch length of time scaled tree was set to 0 (settable
 via option -u and -U)
Estimating the root position on the branch defined by given outgroups ...
Computing confidence intervals using sequence length 29903 and a lognormal
 relaxed clock with mean 1, standard deviation 0.4 (settable via option -q)
*WARNINGS:
- 27.2727% internal branches were collapsed.
- The estimated rate reaches the given lower bound. To change the lower bound, use option -t.
*RESULTS:
- There is not any outlier date.
- Dating results:
 rate 0.0008, tMRCA 2019-12-11
- Results with confidence intervals:
 rate 0.0008 [0.0008; 0.00140379], tMRCA 2019-12-11 [2019-11-14; 2019-12-26]

TOTAL ELAPSED TIME: 0.00397 seconds
LSD results written to:
  LSD report:                  workdir/tmp/lsd/B.1.416.1.timetree.lsd
  Time tree in nexus format:   workdir/tmp/lsd/B.1.416.1.timetree.nex
  Time tree in newick format:  workdir/tmp/lsd/B.1.416.1.timetree.nwk

--- End phylogenetic dating ---
Date and Time: Wed Mar  3 21:29:33 2021
